[35m[1mConsolidate compiler generated dependencies of target basic_pub[0m
[  6%] [32mBuilding CXX object CMakeFiles/robot_news_station.dir/src/robot_news_station.cpp.o[0m
[ 18%] Built target add_two_ints_client_oops
[ 31%] Built target hardware_status_publisher
[ 50%] Built target smartphone
[ 56%] Built target add_two_ints_server
[ 81%] Built target add_two_ints_client
[ 81%] Built target cpp_node
[ 87%] [32mBuilding CXX object CMakeFiles/basic_pub.dir/src/basic_pub.cpp.o[0m
[01m[K/home/c1ph3r/ros2_ws/src/my_cpp_package/src/basic_pub.cpp:[m[K In constructor â€˜[01m[KbasicPublisher::basicPublisher()[m[Kâ€™:
[01m[K/home/c1ph3r/ros2_ws/src/my_cpp_package/src/basic_pub.cpp:11:53:[m[K [01;31m[Kerror: [m[Kâ€˜[01m[KRobotNewsStation[m[Kâ€™ has not been declared
   11 |                                          std::bind(&[01;31m[KRobotNewsStation[m[K::basicPubLish, this));
      |                                                     [01;31m[K^~~~~~~~~~~~~~~~[m[K
gmake[2]: *** [CMakeFiles/basic_pub.dir/build.make:76: CMakeFiles/basic_pub.dir/src/basic_pub.cpp.o] Error 1
gmake[1]: *** [CMakeFiles/Makefile2:333: CMakeFiles/basic_pub.dir/all] Error 2
gmake[1]: *** Waiting for unfinished jobs....
[ 93%] [32m[1mLinking CXX executable robot_news_station[0m
[ 93%] Built target robot_news_station
gmake: *** [Makefile:146: all] Error 2
