[0.020s] Invoking command in '/home/c1ph3r/ros2_ws/build/my_cpp_package': CMAKE_PREFIX_PATH=/home/c1ph3r/ros2_ws/install/my_robot_interfaces:/home/c1ph3r/ros2_ws/install/my_cpp_package:/home/c1ph3r/ros2_ws/install/my_python_package:/opt/ros/humble /usr/bin/cmake --build /home/c1ph3r/ros2_ws/build/my_cpp_package -- -j8 -l8
[0.076s] [35m[1mConsolidate compiler generated dependencies of target basic_pub[0m
[0.087s] [  6%] [32mBuilding CXX object CMakeFiles/robot_news_station.dir/src/robot_news_station.cpp.o[0m
[0.091s] [ 18%] Built target add_two_ints_client_oops
[0.093s] [ 31%] Built target hardware_status_publisher
[0.095s] [ 50%] Built target smartphone
[0.096s] [ 56%] Built target add_two_ints_server
[0.103s] [ 81%] Built target add_two_ints_client
[0.103s] [ 81%] Built target cpp_node
[0.104s] [ 87%] [32mBuilding CXX object CMakeFiles/basic_pub.dir/src/basic_pub.cpp.o[0m
[2.789s] [01m[K/home/c1ph3r/ros2_ws/src/my_cpp_package/src/basic_pub.cpp:[m[K In constructor â€˜[01m[KbasicPublisher::basicPublisher()[m[Kâ€™:
[2.789s] [01m[K/home/c1ph3r/ros2_ws/src/my_cpp_package/src/basic_pub.cpp:11:53:[m[K [01;31m[Kerror: [m[Kâ€˜[01m[KRobotNewsStation[m[Kâ€™ has not been declared
[2.789s]    11 |                                          std::bind(&[01;31m[KRobotNewsStation[m[K::basicPubLish, this));
[2.789s]       |                                                     [01;31m[K^~~~~~~~~~~~~~~~[m[K
[3.638s] gmake[2]: *** [CMakeFiles/basic_pub.dir/build.make:76: CMakeFiles/basic_pub.dir/src/basic_pub.cpp.o] Error 1
[3.638s] gmake[1]: *** [CMakeFiles/Makefile2:333: CMakeFiles/basic_pub.dir/all] Error 2
[3.639s] gmake[1]: *** Waiting for unfinished jobs....
[4.861s] [ 93%] [32m[1mLinking CXX executable robot_news_station[0m
[5.129s] [ 93%] Built target robot_news_station
[5.130s] gmake: *** [Makefile:146: all] Error 2
[5.132s] Invoked command in '/home/c1ph3r/ros2_ws/build/my_cpp_package' returned '2': CMAKE_PREFIX_PATH=/home/c1ph3r/ros2_ws/install/my_robot_interfaces:/home/c1ph3r/ros2_ws/install/my_cpp_package:/home/c1ph3r/ros2_ws/install/my_python_package:/opt/ros/humble /usr/bin/cmake --build /home/c1ph3r/ros2_ws/build/my_cpp_package -- -j8 -l8
