[0.025s] Invoking command in '/home/c1ph3r/ros2_ws/build/my_cpp_package': CMAKE_PREFIX_PATH=/home/c1ph3r/ros2_ws/install/my_robot_interfaces:/home/c1ph3r/ros2_ws/install/my_cpp_package:/home/c1ph3r/ros2_ws/install/my_python_package:/opt/ros/humble /usr/bin/cmake --build /home/c1ph3r/ros2_ws/build/my_cpp_package -- -j8 -l8
[0.108s] [ 10%] Built target robot_news_station
[0.109s] [ 25%] Built target add_two_ints_server
[0.109s] [ 30%] Built target add_two_ints_client_oops
[0.112s] [ 40%] Built target add_two_ints_client
[0.116s] [ 50%] Built target cpp_node
[0.119s] [ 70%] Built target hardware_status_publisher
[0.119s] [ 70%] Built target smartphone
[0.124s] [ 80%] Built target basic_pub
[0.130s] [35m[1mConsolidate compiler generated dependencies of target LED_panel[0m
[0.139s] [ 90%] Built target basic_sub
[0.147s] [ 95%] [32mBuilding CXX object CMakeFiles/LED_panel.dir/src/LED_panel.cpp.o[0m
[2.609s] [01m[K/home/c1ph3r/ros2_ws/src/my_cpp_package/src/LED_panel.cpp:[m[K In member function â€˜[01m[Kvoid LedPanelNode::publishLedStates()[m[Kâ€™:
[2.609s] [01m[K/home/c1ph3r/ros2_ws/src/my_cpp_package/src/LED_panel.cpp:25:13:[m[K [01;31m[Kerror: [m[Kâ€˜[01m[Kstruct my_robot_interfaces::msg::LEDStatusArray_<std::allocator<void> >[m[Kâ€™ has no member named â€˜[01m[Kled_states[m[Kâ€™; did you mean â€˜[01m[Kled_status[m[Kâ€™?
[2.609s]    25 |         msg.[01;31m[Kled_states[m[K = led_status;
[2.609s]       |             [01;31m[K^~~~~~~~~~[m[K
[2.609s]       |             [32m[Kled_status[m[K
[3.633s] gmake[2]: *** [CMakeFiles/LED_panel.dir/build.make:76: CMakeFiles/LED_panel.dir/src/LED_panel.cpp.o] Error 1
[3.633s] gmake[1]: *** [CMakeFiles/Makefile2:389: CMakeFiles/LED_panel.dir/all] Error 2
[3.634s] gmake: *** [Makefile:146: all] Error 2
[3.638s] Invoked command in '/home/c1ph3r/ros2_ws/build/my_cpp_package' returned '2': CMAKE_PREFIX_PATH=/home/c1ph3r/ros2_ws/install/my_robot_interfaces:/home/c1ph3r/ros2_ws/install/my_cpp_package:/home/c1ph3r/ros2_ws/install/my_python_package:/opt/ros/humble /usr/bin/cmake --build /home/c1ph3r/ros2_ws/build/my_cpp_package -- -j8 -l8
