[01m[K/home/c1ph3r/ros2_ws/src/my_cpp_package/src/LED_panel.cpp:[m[K In constructor â€˜[01m[KLedPanelNode::LedPanelNode()[m[Kâ€™:
[01m[K/home/c1ph3r/ros2_ws/src/my_cpp_package/src/LED_panel.cpp:11:56:[m[K [01;31m[Kerror: [m[Kinvalid use of non-static member function â€˜[01m[Kconst std::vector<long int, std::allocator<long int> >& rclcpp::Parameter::as_integer_array() const[m[Kâ€™
   11 |         led_status = this->get_parameter("led_status").[01;31m[Kas_integer_array[m[K;
      |                                                        [01;31m[K^~~~~~~~~~~~~~~~[m[K
In file included from [01m[K/opt/ros/humble/include/rclcpp/rclcpp/node_interfaces/node_parameters_interface.hpp:28[m[K,
                 from [01m[K/opt/ros/humble/include/rclcpp/rclcpp/node.hpp:54[m[K,
                 from [01m[K/opt/ros/humble/include/rclcpp/rclcpp/executors/single_threaded_executor.hpp:28[m[K,
                 from [01m[K/opt/ros/humble/include/rclcpp/rclcpp/executors.hpp:22[m[K,
                 from [01m[K/opt/ros/humble/include/rclcpp/rclcpp/rclcpp.hpp:155[m[K,
                 from [01m[K/home/c1ph3r/ros2_ws/src/my_cpp_package/src/LED_panel.cpp:1[m[K:
[01m[K/opt/ros/humble/include/rclcpp/rclcpp/parameter.hpp:181:3:[m[K [01;36m[Knote: [m[Kdeclared here
  181 |   [01;36m[Kas_integer_array[m[K() const;
      |   [01;36m[K^~~~~~~~~~~~~~~~[m[K
gmake[2]: *** [CMakeFiles/LED_panel.dir/build.make:76: CMakeFiles/LED_panel.dir/src/LED_panel.cpp.o] Error 1
gmake[1]: *** [CMakeFiles/Makefile2:395: CMakeFiles/LED_panel.dir/all] Error 2
gmake: *** [Makefile:146: all] Error 2
