[0.021s] Invoking command in '/home/c1ph3r/ros2_ws/build/my_cpp_package': CMAKE_PREFIX_PATH=/home/c1ph3r/ros2_ws/install/my_robot_interfaces:/home/c1ph3r/ros2_ws/install/my_cpp_package:/home/c1ph3r/ros2_ws/install/my_python_package:/opt/ros/humble /usr/bin/cmake --build /home/c1ph3r/ros2_ws/build/my_cpp_package -- -j8 -l8
[0.094s] [35m[1mConsolidate compiler generated dependencies of target robot_news_station[0m
[0.106s] [  7%] Built target cpp_node
[0.108s] [ 19%] Built target add_two_ints_server
[0.110s] [ 30%] Built target basic_pub
[0.110s] [ 38%] Built target add_two_ints_client
[0.110s] [ 38%] Built target hardware_status_publisher
[0.113s] [ 46%] Built target add_two_ints_client_oops
[0.114s] [ 53%] Built target smartphone
[0.119s] [ 61%] Built target robot_news_station
[0.137s] [ 76%] [32mBuilding CXX object CMakeFiles/LED_panel.dir/src/LED_panel.cpp.o[0m
[0.137s] [ 80%] Built target basic_sub
[0.137s] [ 80%] Built target battery
[0.140s] [ 96%] Built target number_publisher
[0.140s] [ 96%] Built target number_counter
[2.492s] [01m[K/home/c1ph3r/ros2_ws/src/my_cpp_package/src/LED_panel.cpp:[m[K In constructor â€˜[01m[KLedPanelNode::LedPanelNode()[m[Kâ€™:
[2.492s] [01m[K/home/c1ph3r/ros2_ws/src/my_cpp_package/src/LED_panel.cpp:11:56:[m[K [01;31m[Kerror: [m[Kinvalid use of non-static member function â€˜[01m[Kconst std::vector<long int, std::allocator<long int> >& rclcpp::Parameter::as_integer_array() const[m[Kâ€™
[2.493s]    11 |         led_status = this->get_parameter("led_status").[01;31m[Kas_integer_array[m[K;
[2.493s]       |                                                        [01;31m[K^~~~~~~~~~~~~~~~[m[K
[2.493s] In file included from [01m[K/opt/ros/humble/include/rclcpp/rclcpp/node_interfaces/node_parameters_interface.hpp:28[m[K,
[2.493s]                  from [01m[K/opt/ros/humble/include/rclcpp/rclcpp/node.hpp:54[m[K,
[2.493s]                  from [01m[K/opt/ros/humble/include/rclcpp/rclcpp/executors/single_threaded_executor.hpp:28[m[K,
[2.493s]                  from [01m[K/opt/ros/humble/include/rclcpp/rclcpp/executors.hpp:22[m[K,
[2.493s]                  from [01m[K/opt/ros/humble/include/rclcpp/rclcpp/rclcpp.hpp:155[m[K,
[2.493s]                  from [01m[K/home/c1ph3r/ros2_ws/src/my_cpp_package/src/LED_panel.cpp:1[m[K:
[2.493s] [01m[K/opt/ros/humble/include/rclcpp/rclcpp/parameter.hpp:181:3:[m[K [01;36m[Knote: [m[Kdeclared here
[2.494s]   181 |   [01;36m[Kas_integer_array[m[K() const;
[2.494s]       |   [01;36m[K^~~~~~~~~~~~~~~~[m[K
[3.546s] gmake[2]: *** [CMakeFiles/LED_panel.dir/build.make:76: CMakeFiles/LED_panel.dir/src/LED_panel.cpp.o] Error 1
[3.546s] gmake[1]: *** [CMakeFiles/Makefile2:395: CMakeFiles/LED_panel.dir/all] Error 2
[3.546s] gmake: *** [Makefile:146: all] Error 2
[3.549s] Invoked command in '/home/c1ph3r/ros2_ws/build/my_cpp_package' returned '2': CMAKE_PREFIX_PATH=/home/c1ph3r/ros2_ws/install/my_robot_interfaces:/home/c1ph3r/ros2_ws/install/my_cpp_package:/home/c1ph3r/ros2_ws/install/my_python_package:/opt/ros/humble /usr/bin/cmake --build /home/c1ph3r/ros2_ws/build/my_cpp_package -- -j8 -l8
