[0.018s] Invoking command in '/home/c1ph3r/ros2_ws/build/my_cpp_package': CMAKE_PREFIX_PATH=/home/c1ph3r/ros2_ws/install/my_robot_interfaces:/home/c1ph3r/ros2_ws/install/my_cpp_package:/home/c1ph3r/ros2_ws/install/my_python_package:/opt/ros/humble /usr/bin/cmake --build /home/c1ph3r/ros2_ws/build/my_cpp_package -- -j8 -l8
[0.049s] -- Found ament_cmake: 1.3.5 (/opt/ros/humble/share/ament_cmake/cmake)
[0.221s] -- Found rclcpp: 16.0.4 (/opt/ros/humble/share/rclcpp/cmake)
[0.251s] -- Found rosidl_generator_c: 3.1.4 (/opt/ros/humble/share/rosidl_generator_c/cmake)
[0.254s] -- Found rosidl_adapter: 3.1.4 (/opt/ros/humble/share/rosidl_adapter/cmake)
[0.260s] -- Found rosidl_generator_cpp: 3.1.4 (/opt/ros/humble/share/rosidl_generator_cpp/cmake)
[0.274s] -- Using all available rosidl_typesupport_c: rosidl_typesupport_fastrtps_c;rosidl_typesupport_introspection_c
[0.293s] -- Using all available rosidl_typesupport_cpp: rosidl_typesupport_fastrtps_cpp;rosidl_typesupport_introspection_cpp
[0.361s] -- Found rmw_implementation_cmake: 6.1.1 (/opt/ros/humble/share/rmw_implementation_cmake/cmake)
[0.362s] -- Found rmw_fastrtps_cpp: 6.2.2 (/opt/ros/humble/share/rmw_fastrtps_cpp/cmake)
[0.488s] -- Using RMW implementation 'rmw_fastrtps_cpp' as default
[0.665s] -- Found rclcpp_components: 16.0.4 (/opt/ros/humble/share/rclcpp_components/cmake)
[0.731s] -- Found example_interfaces: 0.9.3 (/opt/ros/humble/share/example_interfaces/cmake)
[0.882s] -- Found my_robot_interfaces: 0.0.0 (/home/c1ph3r/ros2_ws/install/my_robot_interfaces/share/my_robot_interfaces/cmake)
[1.000s] -- Configuring done
[1.045s] -- Generating done
[1.048s] -- Build files have been written to: /home/c1ph3r/ros2_ws/build/my_cpp_package
[1.080s] [35m[1mConsolidate compiler generated dependencies of target add_two_ints_server[0m
[1.083s] [35m[1mConsolidate compiler generated dependencies of target add_two_ints_client_oops[0m
[1.083s] [35m[1mConsolidate compiler generated dependencies of target basic_pub[0m
[1.083s] [35m[1mConsolidate compiler generated dependencies of target smartphone[0m
[1.085s] [35m[1mConsolidate compiler generated dependencies of target hardware_status_publisher[0m
[1.088s] [35m[1mConsolidate compiler generated dependencies of target cpp_node[0m
[1.089s] [35m[1mConsolidate compiler generated dependencies of target add_two_ints_client[0m
[1.090s] [35m[1mConsolidate compiler generated dependencies of target robot_news_station[0m
[1.106s] [ 10%] Built target add_two_ints_server
[1.109s] [ 20%] Built target basic_pub
[1.109s] [ 30%] Built target add_two_ints_client_oops
[1.113s] [ 40%] Built target smartphone
[1.114s] [ 50%] Built target robot_news_station
[1.118s] [ 60%] Built target add_two_ints_client
[1.119s] [ 70%] Built target hardware_status_publisher
[1.120s] [35m[1mConsolidate compiler generated dependencies of target basic_sub[0m
[1.121s] [ 80%] Built target cpp_node
[1.132s] [ 85%] [32mBuilding CXX object CMakeFiles/LED_panel.dir/src/LED_panel.cpp.o[0m
[1.138s] [ 95%] Built target basic_sub
[1.331s] [01m[K/home/c1ph3r/ros2_ws/src/my_cpp_package/src/LED_panel.cpp:2:10:[m[K [01;31m[Kfatal error: [m[Kmy_robot_interfaces/msg/LedStatusArray.hpp: No such file or directory
[1.331s]     2 | #include [01;31m[K"my_robot_interfaces/msg/LedStatusArray.hpp"[m[K
[1.332s]       |          [01;31m[K^~~~~~~~~~~~~~~~~~~~~~~~~~~~~~~~~~~~~~~~~~~~[m[K
[1.332s] compilation terminated.
[1.337s] gmake[2]: *** [CMakeFiles/LED_panel.dir/build.make:76: CMakeFiles/LED_panel.dir/src/LED_panel.cpp.o] Error 1
[1.337s] gmake[1]: *** [CMakeFiles/Makefile2:389: CMakeFiles/LED_panel.dir/all] Error 2
[1.338s] gmake: *** [Makefile:146: all] Error 2
[1.341s] Invoked command in '/home/c1ph3r/ros2_ws/build/my_cpp_package' returned '2': CMAKE_PREFIX_PATH=/home/c1ph3r/ros2_ws/install/my_robot_interfaces:/home/c1ph3r/ros2_ws/install/my_cpp_package:/home/c1ph3r/ros2_ws/install/my_python_package:/opt/ros/humble /usr/bin/cmake --build /home/c1ph3r/ros2_ws/build/my_cpp_package -- -j8 -l8
