<?xml version="1.0" encoding="UTF-8"?>
<Site BuildName="(empty)"
	BuildStamp="20230813-0447-Experimental"
	Name="c1ph3r"
	Generator="ctest-3.22.1"
	CompilerName="/usr/bin/g++"
	CompilerVersion="11.4.0"
	OSName="Linux"
	Hostname="c1ph3r"
	OSRelease="6.2.0-26-generic"
	OSVersion="#26~22.04.1-Ubuntu SMP PREEMPT_DYNAMIC Thu Jul 13 16:27:29 UTC 2"
	OSPlatform="x86_64"
	Is64Bits="1"
	VendorString="AuthenticAMD"
	VendorID="Advanced Micro Devices"
	FamilyID="23"
	ModelID="24"
	ProcessorCacheSize="512"
	NumberOfLogicalCPU="8"
	NumberOfPhysicalCPU="4"
	TotalVirtualMemory="4632"
	TotalPhysicalMemory="13902"
	LogicalProcessorsPerPhysical="2"
	ProcessorClockFrequency="3187.68"
	>
	<Testing>
		<StartDateTime>Aug 13 10:22 IST</StartDateTime>
		<StartTestTime>1691902375</StartTestTime>
		<TestList/>
		<EndDateTime>Aug 13 10:22 IST</EndDateTime>
		<EndTestTime>1691902375</EndTestTime>
		<ElapsedMinutes>0</ElapsedMinutes>
	</Testing>
</Site>
