[0.015s] Invoking command in '/home/c1ph3r/ros2_ws/build/my_robot_interfaces': CMAKE_PREFIX_PATH=${CMAKE_PREFIX_PATH}:/home/c1ph3r/ros2_ws/install/my_python_package:/opt/ros/humble /usr/bin/cmake --build /home/c1ph3r/ros2_ws/build/my_robot_interfaces -- -j8 -l8
[0.047s] -- Found ament_cmake: 1.3.5 (/opt/ros/humble/share/ament_cmake/cmake)
[0.273s] -- Found rosidl_default_generators: 1.2.0 (/opt/ros/humble/share/rosidl_default_generators/cmake)
[0.278s] -- Using all available rosidl_typesupport_c: rosidl_typesupport_fastrtps_c;rosidl_typesupport_introspection_c
[0.286s] -- Found rosidl_adapter: 3.1.4 (/opt/ros/humble/share/rosidl_adapter/cmake)
[0.349s] -- Using all available rosidl_typesupport_cpp: rosidl_typesupport_fastrtps_cpp;rosidl_typesupport_introspection_cpp
[0.625s] [31mCMake Error at /opt/ros/humble/share/rosidl_adapter/cmake/rosidl_adapt_interfaces.cmake:59 (message):
[0.625s]   execute_process(/usr/bin/python3.10 -m rosidl_adapter --package-name
[0.625s]   my_robot_interfaces --arguments-file
[0.625s]   /home/c1ph3r/ros2_ws/build/my_robot_interfaces/rosidl_adapter__arguments__my_robot_interfaces.json
[0.626s]   --output-dir
[0.626s]   /home/c1ph3r/ros2_ws/build/my_robot_interfaces/rosidl_adapter/my_robot_interfaces
[0.626s]   --output-file
[0.626s]   /home/c1ph3r/ros2_ws/build/my_robot_interfaces/rosidl_adapter/my_robot_interfaces.idls)
[0.626s]   returned error code 1:
[0.626s] 
[0.626s]   Error processing 'int64 LED number' of
[0.626s]   'my_robot_interfaces/SetLED_Request': ''LED' is an invalid field name.  It
[0.626s]   should have the pattern '^(?!.*__)(?!.*_$)[a-z][a-z0-9_]*$''
[0.626s] 
[0.626s]   Traceback (most recent call last):
[0.626s] 
[0.626s]     File "/usr/lib/python3.10/runpy.py", line 196, in _run_module_as_main
[0.626s]       return _run_code(code, main_globals, None,
[0.626s]     File "/usr/lib/python3.10/runpy.py", line 86, in _run_code
[0.627s]       exec(code, run_globals)
[0.627s]     File "/opt/ros/humble/local/lib/python3.10/dist-packages/rosidl_adapter/__main__.py", line 19, in <module>
[0.627s]       sys.exit(main())
[0.627s]     File "/opt/ros/humble/local/lib/python3.10/dist-packages/rosidl_adapter/main.py", line 53, in main
[0.627s]       abs_idl_file = convert_to_idl(
[0.627s]     File "/opt/ros/humble/local/lib/python3.10/dist-packages/rosidl_adapter/__init__.py", line 24, in convert_to_idl
[0.627s]       return convert_srv_to_idl(
[0.627s]     File "/opt/ros/humble/local/lib/python3.10/dist-packages/rosidl_adapter/srv/__init__.py", line 28, in convert_srv_to_idl
[0.627s]       srv = parse_service_string(package_name, input_file.stem, content)
[0.627s]     File "/opt/ros/humble/local/lib/python3.10/dist-packages/rosidl_adapter/parser.py", line 859, in parse_service_string
[0.627s]       request_message = parse_message_string(
[0.627s]     File "/opt/ros/humble/local/lib/python3.10/dist-packages/rosidl_adapter/parser.py", line 519, in parse_message_string
[0.627s]       fields.append(Field(
[0.627s]     File "/opt/ros/humble/local/lib/python3.10/dist-packages/rosidl_adapter/parser.py", line 354, in __init__
[0.627s]       raise NameError(
[0.627s] 
[0.627s]   NameError: 'LED' is an invalid field name.  It should have the pattern
[0.628s]   '^(?!.*__)(?!.*_$)[a-z][a-z0-9_]*$'
[0.628s] 
[0.628s] Call Stack (most recent call first):
[0.628s]   /opt/ros/humble/share/rosidl_cmake/cmake/rosidl_generate_interfaces.cmake:130 (rosidl_adapt_interfaces)
[0.628s]   CMakeLists.txt:17 (rosidl_generate_interfaces)
[0.628s] 
[0.628s] [0m
[0.628s] -- Configuring incomplete, errors occurred!
[0.628s] See also "/home/c1ph3r/ros2_ws/build/my_robot_interfaces/CMakeFiles/CMakeOutput.log".
[0.634s] gmake: *** [Makefile:1179: cmake_check_build_system] Error 1
[0.637s] Invoked command in '/home/c1ph3r/ros2_ws/build/my_robot_interfaces' returned '2': CMAKE_PREFIX_PATH=${CMAKE_PREFIX_PATH}:/home/c1ph3r/ros2_ws/install/my_python_package:/opt/ros/humble /usr/bin/cmake --build /home/c1ph3r/ros2_ws/build/my_robot_interfaces -- -j8 -l8
