[01m[K/home/c1ph3r/ros2_ws/src/my_cpp_package/src/basic_pub.cpp:[m[K In constructor â€˜[01m[KbasicPublisher::basicPublisher()[m[Kâ€™:
[01m[K/home/c1ph3r/ros2_ws/src/my_cpp_package/src/basic_pub.cpp:9:28:[m[K [01;31m[Kerror: [m[Kâ€˜[01m[Kclass basicPublisher[m[Kâ€™ has no member named â€˜[01m[Kcreate_pulbisher[m[Kâ€™; did you mean â€˜[01m[Kcreate_publisher[m[Kâ€™?
    9 |         publisher_ = this->[01;31m[Kcreate_pulbisher[m[K<example_interfaces::msg::String>("basic_pub", 10);
      |                            [01;31m[K^~~~~~~~~~~~~~~~[m[K
      |                            [32m[Kcreate_publisher[m[K
[01m[K/home/c1ph3r/ros2_ws/src/my_cpp_package/src/basic_pub.cpp:9:76:[m[K [01;31m[Kerror: [m[Kexpected primary-expression before â€˜[01m[K>[m[Kâ€™ token
    9 |         publisher_ = this->create_pulbisher<example_interfaces::msg::String[01;31m[K>[m[K("basic_pub", 10);
      |                                                                            [01;31m[K^[m[K
[01m[K/home/c1ph3r/ros2_ws/src/my_cpp_package/src/basic_pub.cpp:9:78:[m[K [01;35m[Kwarning: [m[Kleft operand of comma operator has no effect [[01;35m[K]8;;https://gcc.gnu.org/onlinedocs/gcc/Warning-Options.html#index-Wunused-value-Wunused-value]8;;[m[K]
    9 |         publisher_ = this->create_pulbisher<example_interfaces::msg::String>([01;35m[K"basic_pub"[m[K, 10);
      |                                                                              [01;35m[K^~~~~~~~~~~[m[K
[01m[K/home/c1ph3r/ros2_ws/src/my_cpp_package/src/basic_pub.cpp:10:101:[m[K [01;31m[Kerror: [m[Kâ€˜[01m[Kpulbish_news[m[Kâ€™ is not a member of â€˜[01m[KbasicPublisher[m[Kâ€™
   10 |         timer_ = this->create_wall_timer(std::chrono::milliseconds(500), std::bind(&basicPublisher::[01;31m[Kpulbish_news[m[K), this)
      |                                                                                                     [01;31m[K^~~~~~~~~~~~[m[K
gmake[2]: *** [CMakeFiles/basic_pub.dir/build.make:76: CMakeFiles/basic_pub.dir/src/basic_pub.cpp.o] Error 1
gmake[1]: *** [CMakeFiles/Makefile2:333: CMakeFiles/basic_pub.dir/all] Error 2
gmake[1]: *** Waiting for unfinished jobs....
gmake: *** [Makefile:146: all] Error 2
