[0.026s] Invoking command in '/home/c1ph3r/ros2_ws/build/my_cpp_package': CMAKE_PREFIX_PATH=${CMAKE_PREFIX_PATH}:/home/c1ph3r/ros2_ws/install/my_python_package:/opt/ros/humble /usr/bin/cmake --build /home/c1ph3r/ros2_ws/build/my_cpp_package -- -j8 -l8
[0.077s] [35m[1mConsolidate compiler generated dependencies of target add_two_ints_client[0m
[0.084s] [ 20%] Built target smartphone
[0.085s] [ 40%] Built target robot_news_station
[0.091s] [ 60%] Built target add_two_ints_server
[0.096s] [ 80%] [32mBuilding CXX object CMakeFiles/add_two_ints_client.dir/src/add_two_ints_client.cpp.o[0m
[0.097s] [ 90%] Built target cpp_node
[2.569s] [01m[K/home/c1ph3r/ros2_ws/src/my_cpp_package/src/add_two_ints_client.cpp:[m[K In function â€˜[01m[Kint main(int, char**)[m[Kâ€™:
[2.569s] [01m[K/home/c1ph3r/ros2_ws/src/my_cpp_package/src/add_two_ints_client.cpp:19:69:[m[K [01;31m[Kerror: [m[Kâ€˜[01m[Krclcpp::executor[m[Kâ€™ has not been declared
[2.569s]    19 |     if (rclcpp::spin_until_future_complete(node, future) == rclcpp::[01;31m[Kexecutor[m[K::FutureReturnCode::SUCCESS)
[2.569s]       |                                                                     [01;31m[K^~~~~~~~[m[K
[3.176s] gmake[2]: *** [CMakeFiles/add_two_ints_client.dir/build.make:76: CMakeFiles/add_two_ints_client.dir/src/add_two_ints_client.cpp.o] Error 1
[3.177s] gmake[1]: *** [CMakeFiles/Makefile2:249: CMakeFiles/add_two_ints_client.dir/all] Error 2
[3.177s] gmake: *** [Makefile:146: all] Error 2
[3.181s] Invoked command in '/home/c1ph3r/ros2_ws/build/my_cpp_package' returned '2': CMAKE_PREFIX_PATH=${CMAKE_PREFIX_PATH}:/home/c1ph3r/ros2_ws/install/my_python_package:/opt/ros/humble /usr/bin/cmake --build /home/c1ph3r/ros2_ws/build/my_cpp_package -- -j8 -l8
