[0.019s] Invoking command in '/home/c1ph3r/ros2_ws/build/my_cpp_package': CMAKE_PREFIX_PATH=/home/c1ph3r/ros2_ws/install/my_robot_interfaces:/home/c1ph3r/ros2_ws/install/my_cpp_package:/home/c1ph3r/ros2_ws/install/my_python_package:/opt/ros/humble /usr/bin/cmake --build /home/c1ph3r/ros2_ws/build/my_cpp_package -- -j8 -l8
[0.070s] [35m[1mConsolidate compiler generated dependencies of target smartphone[0m
[0.084s] [ 11%] Built target robot_news_station
[0.084s] [ 22%] Built target add_two_ints_server
[0.087s] [ 33%] Built target add_two_ints_client_oops
[0.089s] [ 44%] Built target add_two_ints_client
[0.090s] [ 55%] Built target hardware_status_publisher
[0.094s] [ 66%] Built target smartphone
[0.094s] [ 77%] Built target cpp_node
[0.095s] [ 88%] Built target basic_pub
[0.105s] [ 94%] [32mBuilding CXX object CMakeFiles/basic_sub.dir/src/basic_sub.cpp.o[0m
[2.636s] [01m[K/home/c1ph3r/ros2_ws/src/my_cpp_package/src/basic_sub.cpp:[m[K In constructor â€˜[01m[KbasicSubscriber::basicSubscriber()[m[Kâ€™:
[2.636s] [01m[K/home/c1ph3r/ros2_ws/src/my_cpp_package/src/basic_sub.cpp:9:49:[m[K [01;31m[Kerror: [m[Kâ€˜[01m[Kexample_interface[m[Kâ€™ was not declared in this scope; did you mean â€˜[01m[Kexample_interfaces[m[Kâ€™?
[2.636s]     9 |         subscriber_ = this->create_subscription<[01;31m[Kexample_interface[m[K::msg::String>("basic_pub", 10
[2.636s]       |                                                 [01;31m[K^~~~~~~~~~~~~~~~~[m[K
[2.636s]       |                                                 [32m[Kexample_interfaces[m[K
[2.637s] [01m[K/home/c1ph3r/ros2_ws/src/my_cpp_package/src/basic_sub.cpp:9:29:[m[K [01;31m[Kerror: [m[Kparse error in template argument list
[2.637s]     9 |         subscriber_ = this->[01;31m[Kcreate_subscription<example_interface::msg::String>[m[K("basic_pub", 10
[2.637s]       |                             [01;31m[K^~~~~~~~~~~~~~~~~~~~~~~~~~~~~~~~~~~~~~~~~~~~~~~~~~~[m[K
[2.637s] [01m[K/home/c1ph3r/ros2_ws/src/my_cpp_package/src/basic_sub.cpp:10:21:[m[K [01;31m[Kerror: [m[Kexpected â€˜[01m[K)[m[Kâ€™ before â€˜[01m[Kstd[m[Kâ€™
[2.637s]    10 |                     [01;31m[Kstd[m[K::bind(&basicSubscriber::callbackSubscriber, this, std::placeholders::_1));
[2.637s]       |                     [01;31m[K^~~[m[K
[2.637s] [01m[K/home/c1ph3r/ros2_ws/src/my_cpp_package/src/basic_sub.cpp:9:80:[m[K [01;36m[Knote: [m[Kto match this â€˜[01m[K([m[Kâ€™
[2.638s]     9 | ubscriber_ = this->create_subscription<example_interface::msg::String>[01;36m[K([m[K"basic_pub", 10
[2.638s]       |                                                                       [01;36m[K^[m[K
[2.638s] 
[2.638s] [01m[K/home/c1ph3r/ros2_ws/src/my_cpp_package/src/basic_sub.cpp:9:80:[m[K [01;31m[Kerror: [m[Kno matching function for call to â€˜[01m[KbasicSubscriber::create_subscription<<expression error> >(const char [10], int)[m[Kâ€™
[2.638s]     9 | ubscriber_ = [01;31m[Kthis->create_subscription<example_interface::msg::String>("basic_pub", 10[m[K
[2.638s]       |              [01;31m[K~~~~~~~~~~~~~~~~~~~~~~~~~~~~~~~~~~~~~~~~~~~~~~~~~~~~~~~~~^~~~~~~~~~~~~~~~[m[K
[2.639s] 
[2.639s]    10 | [01;31m[K           std[m[K::bind(&basicSubscriber::callbackSubscriber, this, std::placeholders::_1));
[2.639s]       |            [01;31m[K~~~[m[K                                                         
[2.639s] 
[2.639s] In file included from [01m[K/opt/ros/humble/include/rclcpp/rclcpp/executors/single_threaded_executor.hpp:28[m[K,
[2.639s]                  from [01m[K/opt/ros/humble/include/rclcpp/rclcpp/executors.hpp:22[m[K,
[2.639s]                  from [01m[K/opt/ros/humble/include/rclcpp/rclcpp/rclcpp.hpp:155[m[K,
[2.640s]                  from [01m[K/home/c1ph3r/ros2_ws/src/my_cpp_package/src/basic_sub.cpp:1[m[K:
[2.640s] [01m[K/opt/ros/humble/include/rclcpp/rclcpp/node.hpp:219:3:[m[K [01;36m[Knote: [m[Kcandidate: â€˜[01m[Ktemplate<class MessageT, class CallbackT, class AllocatorT, class SubscriptionT, class MessageMemoryStrategyT> std::shared_ptr<ROSMessageT> rclcpp::Node::create_subscription(const string&, const rclcpp::QoS&, CallbackT&&, const rclcpp::SubscriptionOptionsWithAllocator<AllocatorT>&, typename MessageMemoryStrategyT::SharedPtr)[m[Kâ€™
[2.640s]   219 |   [01;36m[Kcreate_subscription[m[K(
[2.640s]       |   [01;36m[K^~~~~~~~~~~~~~~~~~~[m[K
[2.640s] [01m[K/opt/ros/humble/include/rclcpp/rclcpp/node.hpp:219:3:[m[K [01;36m[Knote: [m[K  template argument deduction/substitution failed:
[2.640s] [01m[K/home/c1ph3r/ros2_ws/src/my_cpp_package/src/basic_sub.cpp:9:80:[m[K [01;31m[Kerror: [m[Ktemplate argument 1 is invalid
[2.641s]     9 | ubscriber_ = [01;31m[Kthis->create_subscription<example_interface::msg::String>("basic_pub", 10[m[K
[2.641s]       |              [01;31m[K~~~~~~~~~~~~~~~~~~~~~~~~~~~~~~~~~~~~~~~~~~~~~~~~~~~~~~~~~^~~~~~~~~~~~~~~~[m[K
[2.641s] 
[2.641s]    10 | [01;31m[K           std[m[K::bind(&basicSubscriber::callbackSubscriber, this, std::placeholders::_1));
[2.641s]       |            [01;31m[K~~~[m[K                                                         
[2.641s] 
[3.095s] gmake[2]: *** [CMakeFiles/basic_sub.dir/build.make:76: CMakeFiles/basic_sub.dir/src/basic_sub.cpp.o] Error 1
[3.095s] gmake[1]: *** [CMakeFiles/Makefile2:361: CMakeFiles/basic_sub.dir/all] Error 2
[3.095s] gmake: *** [Makefile:146: all] Error 2
[3.099s] Invoked command in '/home/c1ph3r/ros2_ws/build/my_cpp_package' returned '2': CMAKE_PREFIX_PATH=/home/c1ph3r/ros2_ws/install/my_robot_interfaces:/home/c1ph3r/ros2_ws/install/my_cpp_package:/home/c1ph3r/ros2_ws/install/my_python_package:/opt/ros/humble /usr/bin/cmake --build /home/c1ph3r/ros2_ws/build/my_cpp_package -- -j8 -l8
