[35m[1mConsolidate compiler generated dependencies of target robot_news_station[0m
[35m[1mConsolidate compiler generated dependencies of target basic_pub[0m
[ 25%] Built target add_two_ints_client
[ 25%] Built target smartphone
[ 37%] Built target add_two_ints_client_oops
[ 50%] Built target add_two_ints_server
[ 62%] Built target cpp_node
[ 75%] Built target hardware_status_publisher
[ 87%] Built target robot_news_station
[ 93%] [32mBuilding CXX object CMakeFiles/basic_pub.dir/src/basic_pub.cpp.o[0m
[01m[K/home/c1ph3r/ros2_ws/src/my_cpp_package/src/basic_pub.cpp:[m[K In constructor â€˜[01m[KbasicPublisher::basicPublisher()[m[Kâ€™:
[01m[K/home/c1ph3r/ros2_ws/src/my_cpp_package/src/basic_pub.cpp:11:69:[m[K [01;31m[Kerror: [m[Kâ€˜[01m[KbasicPubLish[m[Kâ€™ is not a member of â€˜[01m[KbasicPublisher[m[Kâ€™
   11 |                                          std::bind(&basicPublisher::[01;31m[KbasicPubLish[m[K, this));
      |                                                                     [01;31m[K^~~~~~~~~~~~[m[K
gmake[2]: *** [CMakeFiles/basic_pub.dir/build.make:76: CMakeFiles/basic_pub.dir/src/basic_pub.cpp.o] Error 1
gmake[1]: *** [CMakeFiles/Makefile2:333: CMakeFiles/basic_pub.dir/all] Error 2
gmake: *** [Makefile:146: all] Error 2
