[0.019s] Invoking command in '/home/c1ph3r/ros2_ws/build/my_cpp_package': CMAKE_PREFIX_PATH=/home/c1ph3r/ros2_ws/install/my_robot_interfaces:/home/c1ph3r/ros2_ws/install/my_cpp_package:/home/c1ph3r/ros2_ws/install/my_python_package:/opt/ros/humble /usr/bin/cmake --build /home/c1ph3r/ros2_ws/build/my_cpp_package -- -j8 -l8
[0.066s] [35m[1mConsolidate compiler generated dependencies of target robot_news_station[0m
[0.076s] [35m[1mConsolidate compiler generated dependencies of target basic_pub[0m
[0.087s] [ 25%] Built target add_two_ints_client
[0.087s] [ 25%] Built target smartphone
[0.090s] [ 37%] Built target add_two_ints_client_oops
[0.092s] [ 50%] Built target add_two_ints_server
[0.094s] [ 62%] Built target cpp_node
[0.094s] [ 75%] Built target hardware_status_publisher
[0.098s] [ 87%] Built target robot_news_station
[0.101s] [ 93%] [32mBuilding CXX object CMakeFiles/basic_pub.dir/src/basic_pub.cpp.o[0m
[2.597s] [01m[K/home/c1ph3r/ros2_ws/src/my_cpp_package/src/basic_pub.cpp:[m[K In constructor â€˜[01m[KbasicPublisher::basicPublisher()[m[Kâ€™:
[2.597s] [01m[K/home/c1ph3r/ros2_ws/src/my_cpp_package/src/basic_pub.cpp:11:69:[m[K [01;31m[Kerror: [m[Kâ€˜[01m[KbasicPubLish[m[Kâ€™ is not a member of â€˜[01m[KbasicPublisher[m[Kâ€™
[2.597s]    11 |                                          std::bind(&basicPublisher::[01;31m[KbasicPubLish[m[K, this));
[2.597s]       |                                                                     [01;31m[K^~~~~~~~~~~~[m[K
[3.402s] gmake[2]: *** [CMakeFiles/basic_pub.dir/build.make:76: CMakeFiles/basic_pub.dir/src/basic_pub.cpp.o] Error 1
[3.402s] gmake[1]: *** [CMakeFiles/Makefile2:333: CMakeFiles/basic_pub.dir/all] Error 2
[3.403s] gmake: *** [Makefile:146: all] Error 2
[3.406s] Invoked command in '/home/c1ph3r/ros2_ws/build/my_cpp_package' returned '2': CMAKE_PREFIX_PATH=/home/c1ph3r/ros2_ws/install/my_robot_interfaces:/home/c1ph3r/ros2_ws/install/my_cpp_package:/home/c1ph3r/ros2_ws/install/my_python_package:/opt/ros/humble /usr/bin/cmake --build /home/c1ph3r/ros2_ws/build/my_cpp_package -- -j8 -l8
