[01m[K/home/c1ph3r/ros2_ws/src/my_cpp_package/src/battery.cpp:[m[K In member function â€˜[01m[Kvoid BatteryNode::callSetLedService(int, int)[m[Kâ€™:
[01m[K/home/c1ph3r/ros2_ws/src/my_cpp_package/src/battery.cpp:24:69:[m[K [01;31m[Kerror: [m[Kâ€˜[01m[KSetLed[m[Kâ€™ is not a member of â€˜[01m[Kmy_robot_interfaces::srv[m[Kâ€™; did you mean â€˜[01m[KSetLED[m[Kâ€™?
   24 |   auto client = this->create_client<my_robot_interfaces::srv::[01;31m[KSetLed[m[K>("set_led");
      |                                                               [01;31m[K^~~~~~[m[K
      |                                                               [32m[KSetLED[m[K
[01m[K/home/c1ph3r/ros2_ws/src/my_cpp_package/src/battery.cpp:24:76:[m[K [01;31m[Kerror: [m[Kno matching function for call to â€˜[01m[KBatteryNode::create_client<<expression error> >(const char [8])[m[Kâ€™
   24 | client = [01;31m[Kthis->create_client<my_robot_interfaces::srv::SetLed>("set_led")[m[K;
      |          [01;31m[K~~~~~~~~~~~~~~~~~~~~~~~~~~~~~~~~~~~~~~~~~~~~~~~~~~~~~^~~~~~~~~~~[m[K

In file included from [01m[K/opt/ros/humble/include/rclcpp/rclcpp/executors/single_threaded_executor.hpp:28[m[K,
                 from [01m[K/opt/ros/humble/include/rclcpp/rclcpp/executors.hpp:22[m[K,
                 from [01m[K/opt/ros/humble/include/rclcpp/rclcpp/rclcpp.hpp:155[m[K,
                 from [01m[K/home/c1ph3r/ros2_ws/src/my_cpp_package/src/battery.cpp:1[m[K:
[01m[K/opt/ros/humble/include/rclcpp/rclcpp/node.hpp:252:3:[m[K [01;36m[Knote: [m[Kcandidate: â€˜[01m[Ktemplate<class ServiceT> typename rclcpp::Client<ServiceT>::SharedPtr rclcpp::Node::create_client(const string&, const rmw_qos_profile_t&, rclcpp::CallbackGroup::SharedPtr)[m[Kâ€™
  252 |   [01;36m[Kcreate_client[m[K(
      |   [01;36m[K^~~~~~~~~~~~~[m[K
[01m[K/opt/ros/humble/include/rclcpp/rclcpp/node.hpp:252:3:[m[K [01;36m[Knote: [m[K  template argument deduction/substitution failed:
[01m[K/home/c1ph3r/ros2_ws/src/my_cpp_package/src/battery.cpp:24:76:[m[K [01;31m[Kerror: [m[Ktemplate argument 1 is invalid
   24 | client = [01;31m[Kthis->create_client<my_robot_interfaces::srv::SetLed>("set_led")[m[K;
      |          [01;31m[K~~~~~~~~~~~~~~~~~~~~~~~~~~~~~~~~~~~~~~~~~~~~~~~~~~~~~^~~~~~~~~~~[m[K

[01m[K/home/c1ph3r/ros2_ws/src/my_cpp_package/src/battery.cpp:30:67:[m[K [01;31m[Kerror: [m[Kâ€˜[01m[KSetLed[m[Kâ€™ is not a member of â€˜[01m[Kmy_robot_interfaces::srv[m[Kâ€™; did you mean â€˜[01m[KSetLED[m[Kâ€™?
   30 |     auto request = std::make_shared<my_robot_interfaces::srv::[01;31m[KSetLed[m[K::Request>();
      |                                                               [01;31m[K^~~~~~[m[K
      |                                                               [32m[KSetLED[m[K
[01m[K/home/c1ph3r/ros2_ws/src/my_cpp_package/src/battery.cpp:30:29:[m[K [01;31m[Kerror: [m[Kparse error in template argument list
   30 |         auto request = std::[01;31m[Kmake_shared<my_robot_interfaces::srv::SetLed::Request>[m[K();
      |                             [01;31m[K^~~~~~~~~~~~~~~~~~~~~~~~~~~~~~~~~~~~~~~~~~~~~~~~~~~~~~[m[K
[01m[K/home/c1ph3r/ros2_ws/src/my_cpp_package/src/battery.cpp:30:83:[m[K [01;31m[Kerror: [m[Kno matching function for call to â€˜[01m[Kmake_shared<<expression error> >()[m[Kâ€™
   30 |  request = [01;31m[Kstd::make_shared<my_robot_interfaces::srv::SetLed::Request>()[m[K;
      |            [01;31m[K~~~~~~~~~~~~~~~~~~~~~~~~~~~~~~~~~~~~~~~~~~~~~~~~~~~~~~~~~~~^~[m[K

In file included from [01m[K/usr/include/c++/11/memory:77[m[K,
                 from [01m[K/opt/ros/humble/include/rclcpp/rclcpp/rclcpp.hpp:153[m[K,
                 from [01m[K/home/c1ph3r/ros2_ws/src/my_cpp_package/src/battery.cpp:1[m[K:
[01m[K/usr/include/c++/11/bits/shared_ptr.h:875:5:[m[K [01;36m[Knote: [m[Kcandidate: â€˜[01m[Ktemplate<class _Tp, class ... _Args> std::shared_ptr<_Tp> std::make_shared(_Args&& ...)[m[Kâ€™
  875 |     [01;36m[Kmake_shared[m[K(_Args&&... __args)
      |     [01;36m[K^~~~~~~~~~~[m[K
[01m[K/usr/include/c++/11/bits/shared_ptr.h:875:5:[m[K [01;36m[Knote: [m[K  template argument deduction/substitution failed:
[01m[K/home/c1ph3r/ros2_ws/src/my_cpp_package/src/battery.cpp:30:83:[m[K [01;31m[Kerror: [m[Ktemplate argument 1 is invalid
   30 |  request = [01;31m[Kstd::make_shared<my_robot_interfaces::srv::SetLed::Request>()[m[K;
      |            [01;31m[K~~~~~~~~~~~~~~~~~~~~~~~~~~~~~~~~~~~~~~~~~~~~~~~~~~~~~~~~~~~^~[m[K

gmake[2]: *** [CMakeFiles/battery.dir/build.make:76: CMakeFiles/battery.dir/src/battery.cpp.o] Error 1
gmake[1]: *** [CMakeFiles/Makefile2:417: CMakeFiles/battery.dir/all] Error 2
gmake: *** [Makefile:146: all] Error 2
