[0.018s] Invoking command in '/home/c1ph3r/ros2_ws/build/my_cpp_package': CMAKE_PREFIX_PATH=/home/c1ph3r/ros2_ws/install/my_robot_interfaces:/home/c1ph3r/ros2_ws/install/my_cpp_package:/home/c1ph3r/ros2_ws/install/my_python_package:/opt/ros/humble /usr/bin/cmake --build /home/c1ph3r/ros2_ws/build/my_cpp_package -- -j8 -l8
[0.045s] -- Found ament_cmake: 1.3.5 (/opt/ros/humble/share/ament_cmake/cmake)
[0.282s] -- Found rclcpp: 16.0.4 (/opt/ros/humble/share/rclcpp/cmake)
[0.351s] -- Found rosidl_generator_c: 3.1.4 (/opt/ros/humble/share/rosidl_generator_c/cmake)
[0.354s] -- Found rosidl_adapter: 3.1.4 (/opt/ros/humble/share/rosidl_adapter/cmake)
[0.360s] -- Found rosidl_generator_cpp: 3.1.4 (/opt/ros/humble/share/rosidl_generator_cpp/cmake)
[0.373s] -- Using all available rosidl_typesupport_c: rosidl_typesupport_fastrtps_c;rosidl_typesupport_introspection_c
[0.390s] -- Using all available rosidl_typesupport_cpp: rosidl_typesupport_fastrtps_cpp;rosidl_typesupport_introspection_cpp
[0.454s] -- Found rmw_implementation_cmake: 6.1.1 (/opt/ros/humble/share/rmw_implementation_cmake/cmake)
[0.456s] -- Found rmw_fastrtps_cpp: 6.2.2 (/opt/ros/humble/share/rmw_fastrtps_cpp/cmake)
[0.579s] -- Using RMW implementation 'rmw_fastrtps_cpp' as default
[0.756s] -- Found rclcpp_components: 16.0.4 (/opt/ros/humble/share/rclcpp_components/cmake)
[0.821s] -- Found example_interfaces: 0.9.3 (/opt/ros/humble/share/example_interfaces/cmake)
[0.974s] -- Found my_robot_interfaces: 0.0.0 (/home/c1ph3r/ros2_ws/install/my_robot_interfaces/share/my_robot_interfaces/cmake)
[1.104s] -- Configuring done
[1.144s] -- Generating done
[1.147s] -- Build files have been written to: /home/c1ph3r/ros2_ws/build/my_cpp_package
[1.177s] [35m[1mConsolidate compiler generated dependencies of target cpp_node[0m
[1.178s] [35m[1mConsolidate compiler generated dependencies of target add_two_ints_client_oops[0m
[1.178s] [35m[1mConsolidate compiler generated dependencies of target robot_news_station[0m
[1.179s] [35m[1mConsolidate compiler generated dependencies of target add_two_ints_client[0m
[1.179s] [35m[1mConsolidate compiler generated dependencies of target basic_pub[0m
[1.179s] [35m[1mConsolidate compiler generated dependencies of target smartphone[0m
[1.183s] [35m[1mConsolidate compiler generated dependencies of target add_two_ints_server[0m
[1.183s] [35m[1mConsolidate compiler generated dependencies of target hardware_status_publisher[0m
[1.201s] [ 36%] Built target basic_pub
[1.201s] [ 36%] Built target add_two_ints_client
[1.201s] [ 36%] Built target add_two_ints_client_oops
[1.201s] [ 36%] Built target robot_news_station
[1.202s] [ 45%] Built target cpp_node
[1.202s] [ 54%] Built target smartphone
[1.206s] [ 63%] Built target hardware_status_publisher
[1.208s] [ 72%] Built target add_two_ints_server
[1.212s] [35m[1mConsolidate compiler generated dependencies of target LED_panel[0m
[1.212s] [35m[1mConsolidate compiler generated dependencies of target basic_sub[0m
[1.222s] [ 77%] [32mBuilding CXX object CMakeFiles/battery.dir/src/battery.cpp.o[0m
[1.229s] [ 86%] Built target LED_panel
[1.229s] [ 95%] Built target basic_sub
[3.532s] [01m[K/home/c1ph3r/ros2_ws/src/my_cpp_package/src/battery.cpp:[m[K In member function â€˜[01m[Kvoid BatteryNode::callSetLedService(int, int)[m[Kâ€™:
[3.533s] [01m[K/home/c1ph3r/ros2_ws/src/my_cpp_package/src/battery.cpp:24:69:[m[K [01;31m[Kerror: [m[Kâ€˜[01m[KSetLed[m[Kâ€™ is not a member of â€˜[01m[Kmy_robot_interfaces::srv[m[Kâ€™; did you mean â€˜[01m[KSetLED[m[Kâ€™?
[3.533s]    24 |   auto client = this->create_client<my_robot_interfaces::srv::[01;31m[KSetLed[m[K>("set_led");
[3.533s]       |                                                               [01;31m[K^~~~~~[m[K
[3.533s]       |                                                               [32m[KSetLED[m[K
[3.533s] [01m[K/home/c1ph3r/ros2_ws/src/my_cpp_package/src/battery.cpp:24:76:[m[K [01;31m[Kerror: [m[Kno matching function for call to â€˜[01m[KBatteryNode::create_client<<expression error> >(const char [8])[m[Kâ€™
[3.533s]    24 | client = [01;31m[Kthis->create_client<my_robot_interfaces::srv::SetLed>("set_led")[m[K;
[3.533s]       |          [01;31m[K~~~~~~~~~~~~~~~~~~~~~~~~~~~~~~~~~~~~~~~~~~~~~~~~~~~~~^~~~~~~~~~~[m[K
[3.534s] 
[3.534s] In file included from [01m[K/opt/ros/humble/include/rclcpp/rclcpp/executors/single_threaded_executor.hpp:28[m[K,
[3.534s]                  from [01m[K/opt/ros/humble/include/rclcpp/rclcpp/executors.hpp:22[m[K,
[3.534s]                  from [01m[K/opt/ros/humble/include/rclcpp/rclcpp/rclcpp.hpp:155[m[K,
[3.534s]                  from [01m[K/home/c1ph3r/ros2_ws/src/my_cpp_package/src/battery.cpp:1[m[K:
[3.534s] [01m[K/opt/ros/humble/include/rclcpp/rclcpp/node.hpp:252:3:[m[K [01;36m[Knote: [m[Kcandidate: â€˜[01m[Ktemplate<class ServiceT> typename rclcpp::Client<ServiceT>::SharedPtr rclcpp::Node::create_client(const string&, const rmw_qos_profile_t&, rclcpp::CallbackGroup::SharedPtr)[m[Kâ€™
[3.535s]   252 |   [01;36m[Kcreate_client[m[K(
[3.535s]       |   [01;36m[K^~~~~~~~~~~~~[m[K
[3.535s] [01m[K/opt/ros/humble/include/rclcpp/rclcpp/node.hpp:252:3:[m[K [01;36m[Knote: [m[K  template argument deduction/substitution failed:
[3.535s] [01m[K/home/c1ph3r/ros2_ws/src/my_cpp_package/src/battery.cpp:24:76:[m[K [01;31m[Kerror: [m[Ktemplate argument 1 is invalid
[3.535s]    24 | client = [01;31m[Kthis->create_client<my_robot_interfaces::srv::SetLed>("set_led")[m[K;
[3.535s]       |          [01;31m[K~~~~~~~~~~~~~~~~~~~~~~~~~~~~~~~~~~~~~~~~~~~~~~~~~~~~~^~~~~~~~~~~[m[K
[3.535s] 
[3.537s] [01m[K/home/c1ph3r/ros2_ws/src/my_cpp_package/src/battery.cpp:30:67:[m[K [01;31m[Kerror: [m[Kâ€˜[01m[KSetLed[m[Kâ€™ is not a member of â€˜[01m[Kmy_robot_interfaces::srv[m[Kâ€™; did you mean â€˜[01m[KSetLED[m[Kâ€™?
[3.537s]    30 |     auto request = std::make_shared<my_robot_interfaces::srv::[01;31m[KSetLed[m[K::Request>();
[3.537s]       |                                                               [01;31m[K^~~~~~[m[K
[3.537s]       |                                                               [32m[KSetLED[m[K
[3.537s] [01m[K/home/c1ph3r/ros2_ws/src/my_cpp_package/src/battery.cpp:30:29:[m[K [01;31m[Kerror: [m[Kparse error in template argument list
[3.538s]    30 |         auto request = std::[01;31m[Kmake_shared<my_robot_interfaces::srv::SetLed::Request>[m[K();
[3.538s]       |                             [01;31m[K^~~~~~~~~~~~~~~~~~~~~~~~~~~~~~~~~~~~~~~~~~~~~~~~~~~~~~[m[K
[3.538s] [01m[K/home/c1ph3r/ros2_ws/src/my_cpp_package/src/battery.cpp:30:83:[m[K [01;31m[Kerror: [m[Kno matching function for call to â€˜[01m[Kmake_shared<<expression error> >()[m[Kâ€™
[3.538s]    30 |  request = [01;31m[Kstd::make_shared<my_robot_interfaces::srv::SetLed::Request>()[m[K;
[3.538s]       |            [01;31m[K~~~~~~~~~~~~~~~~~~~~~~~~~~~~~~~~~~~~~~~~~~~~~~~~~~~~~~~~~~~^~[m[K
[3.538s] 
[3.539s] In file included from [01m[K/usr/include/c++/11/memory:77[m[K,
[3.539s]                  from [01m[K/opt/ros/humble/include/rclcpp/rclcpp/rclcpp.hpp:153[m[K,
[3.539s]                  from [01m[K/home/c1ph3r/ros2_ws/src/my_cpp_package/src/battery.cpp:1[m[K:
[3.539s] [01m[K/usr/include/c++/11/bits/shared_ptr.h:875:5:[m[K [01;36m[Knote: [m[Kcandidate: â€˜[01m[Ktemplate<class _Tp, class ... _Args> std::shared_ptr<_Tp> std::make_shared(_Args&& ...)[m[Kâ€™
[3.539s]   875 |     [01;36m[Kmake_shared[m[K(_Args&&... __args)
[3.539s]       |     [01;36m[K^~~~~~~~~~~[m[K
[3.539s] [01m[K/usr/include/c++/11/bits/shared_ptr.h:875:5:[m[K [01;36m[Knote: [m[K  template argument deduction/substitution failed:
[3.540s] [01m[K/home/c1ph3r/ros2_ws/src/my_cpp_package/src/battery.cpp:30:83:[m[K [01;31m[Kerror: [m[Ktemplate argument 1 is invalid
[3.540s]    30 |  request = [01;31m[Kstd::make_shared<my_robot_interfaces::srv::SetLed::Request>()[m[K;
[3.540s]       |            [01;31m[K~~~~~~~~~~~~~~~~~~~~~~~~~~~~~~~~~~~~~~~~~~~~~~~~~~~~~~~~~~~^~[m[K
[3.540s] 
[4.068s] gmake[2]: *** [CMakeFiles/battery.dir/build.make:76: CMakeFiles/battery.dir/src/battery.cpp.o] Error 1
[4.069s] gmake[1]: *** [CMakeFiles/Makefile2:417: CMakeFiles/battery.dir/all] Error 2
[4.069s] gmake: *** [Makefile:146: all] Error 2
[4.071s] Invoked command in '/home/c1ph3r/ros2_ws/build/my_cpp_package' returned '2': CMAKE_PREFIX_PATH=/home/c1ph3r/ros2_ws/install/my_robot_interfaces:/home/c1ph3r/ros2_ws/install/my_cpp_package:/home/c1ph3r/ros2_ws/install/my_python_package:/opt/ros/humble /usr/bin/cmake --build /home/c1ph3r/ros2_ws/build/my_cpp_package -- -j8 -l8
