[01m[K/home/c1ph3r/ros2_ws/src/my_cpp_package/src/robot_news_station.cpp:[m[K In constructor â€˜[01m[KRobotNewsStation::RobotNewsStation()[m[Kâ€™:
[01m[K/home/c1ph3r/ros2_ws/src/my_cpp_package/src/robot_news_station.cpp:9:55:[m[K [01;31m[Kerror: [m[Kâ€˜[01m[Kmiliseconds[m[Kâ€™ is not a member of â€˜[01m[Kstd::chrono[m[Kâ€™; did you mean â€˜[01m[Kmilliseconds[m[Kâ€™?
    9 |         timer_ = this->create_wall_timer(std::chrono::[01;31m[Kmiliseconds[m[K(500),
      |                                                       [01;31m[K^~~~~~~~~~~[m[K
      |                                                       [32m[Kmilliseconds[m[K
gmake[2]: *** [CMakeFiles/robot_news_station.dir/build.make:76: CMakeFiles/robot_news_station.dir/src/robot_news_station.cpp.o] Error 1
gmake[1]: *** [CMakeFiles/Makefile2:165: CMakeFiles/robot_news_station.dir/all] Error 2
gmake: *** [Makefile:146: all] Error 2
