[0.023s] Invoking command in '/home/c1ph3r/ros2_ws/build/my_cpp_package': CMAKE_PREFIX_PATH=${CMAKE_PREFIX_PATH}:/home/c1ph3r/ros2_ws/install/my_python_package:/opt/ros/humble /usr/bin/cmake --build /home/c1ph3r/ros2_ws/build/my_cpp_package -- -j8 -l8
[0.084s] [35m[1mConsolidate compiler generated dependencies of target robot_news_station[0m
[0.091s] [ 50%] Built target cpp_node
[0.102s] [ 75%] [32mBuilding CXX object CMakeFiles/robot_news_station.dir/src/robot_news_station.cpp.o[0m
[2.514s] [01m[K/home/c1ph3r/ros2_ws/src/my_cpp_package/src/robot_news_station.cpp:[m[K In constructor â€˜[01m[KRobotNewsStation::RobotNewsStation()[m[Kâ€™:
[2.515s] [01m[K/home/c1ph3r/ros2_ws/src/my_cpp_package/src/robot_news_station.cpp:9:55:[m[K [01;31m[Kerror: [m[Kâ€˜[01m[Kmiliseconds[m[Kâ€™ is not a member of â€˜[01m[Kstd::chrono[m[Kâ€™; did you mean â€˜[01m[Kmilliseconds[m[Kâ€™?
[2.515s]     9 |         timer_ = this->create_wall_timer(std::chrono::[01;31m[Kmiliseconds[m[K(500),
[2.515s]       |                                                       [01;31m[K^~~~~~~~~~~[m[K
[2.515s]       |                                                       [32m[Kmilliseconds[m[K
[3.332s] gmake[2]: *** [CMakeFiles/robot_news_station.dir/build.make:76: CMakeFiles/robot_news_station.dir/src/robot_news_station.cpp.o] Error 1
[3.332s] gmake[1]: *** [CMakeFiles/Makefile2:165: CMakeFiles/robot_news_station.dir/all] Error 2
[3.332s] gmake: *** [Makefile:146: all] Error 2
[3.335s] Invoked command in '/home/c1ph3r/ros2_ws/build/my_cpp_package' returned '2': CMAKE_PREFIX_PATH=${CMAKE_PREFIX_PATH}:/home/c1ph3r/ros2_ws/install/my_python_package:/opt/ros/humble /usr/bin/cmake --build /home/c1ph3r/ros2_ws/build/my_cpp_package -- -j8 -l8
