[01m[K/home/c1ph3r/ros2_ws/src/my_cpp_package/src/LED_panel.cpp:55:49:[m[K [01;31m[Kerror: [m[Kâ€˜[01m[KLedStateArray[m[Kâ€™ is not a member of â€˜[01m[Kmy_robot_interfaces::msg[m[Kâ€™; did you mean â€˜[01m[KLEDStatusArray[m[Kâ€™?
   55 |     rclcpp::Publisher<my_robot_interfaces::msg::[01;31m[KLedStateArray[m[K>::SharedPtr led_status_publisher_;
      |                                                 [01;31m[K^~~~~~~~~~~~~[m[K
      |                                                 [32m[KLEDStatusArray[m[K
[01m[K/home/c1ph3r/ros2_ws/src/my_cpp_package/src/LED_panel.cpp:55:62:[m[K [01;31m[Kerror: [m[Ktemplate argument 1 is invalid
   55 |     rclcpp::Publisher<my_robot_interfaces::msg::LedStateArray[01;31m[K>[m[K::SharedPtr led_status_publisher_;
      |                                                              [01;31m[K^[m[K
[01m[K/home/c1ph3r/ros2_ws/src/my_cpp_package/src/LED_panel.cpp:55:65:[m[K [01;31m[Kerror: [m[Kexpected â€˜[01m[K;[m[Kâ€™ at end of member declaration
   55 |     rclcpp::Publisher<my_robot_interfaces::msg::LedStateArray>::[01;31m[KSharedPtr[m[K led_status_publisher_;
      |                                                                 [01;31m[K^~~~~~~~~[m[K
      |                                                                          [32m[K;[m[K
[01m[K/home/c1ph3r/ros2_ws/src/my_cpp_package/src/LED_panel.cpp:55:75:[m[K [01;31m[Kerror: [m[Kâ€˜[01m[Kled_status_publisher_[m[Kâ€™ does not name a type
   55 |     rclcpp::Publisher<my_robot_interfaces::msg::LedStateArray>::SharedPtr [01;31m[Kled_status_publisher_[m[K;
      |                                                                           [01;31m[K^~~~~~~~~~~~~~~~~~~~~[m[K
[01m[K/home/c1ph3r/ros2_ws/src/my_cpp_package/src/LED_panel.cpp:[m[K In constructor â€˜[01m[KLedPanelNode::LedPanelNode()[m[Kâ€™:
[01m[K/home/c1ph3r/ros2_ws/src/my_cpp_package/src/LED_panel.cpp:11:9:[m[K [01;31m[Kerror: [m[Kâ€˜[01m[Kled_status_publisher_[m[Kâ€™ was not declared in this scope; did you mean â€˜[01m[Kled_states_timer_[m[Kâ€™?
   11 |         [01;31m[Kled_status_publisher_[m[K =
      |         [01;31m[K^~~~~~~~~~~~~~~~~~~~~[m[K
      |         [32m[Kled_states_timer_[m[K
[01m[K/home/c1ph3r/ros2_ws/src/my_cpp_package/src/LED_panel.cpp:13:9:[m[K [01;31m[Kerror: [m[Kâ€˜[01m[Kled_status_timer_[m[Kâ€™ was not declared in this scope; did you mean â€˜[01m[Kled_states_timer_[m[Kâ€™?
   13 |         [01;31m[Kled_status_timer_[m[K =
      |         [01;31m[K^~~~~~~~~~~~~~~~~[m[K
      |         [32m[Kled_states_timer_[m[K
[01m[K/home/c1ph3r/ros2_ws/src/my_cpp_package/src/LED_panel.cpp:[m[K In member function â€˜[01m[Kvoid LedPanelNode::publishLedStates()[m[Kâ€™:
[01m[K/home/c1ph3r/ros2_ws/src/my_cpp_package/src/LED_panel.cpp:26:13:[m[K [01;31m[Kerror: [m[Kâ€˜[01m[Kstruct my_robot_interfaces::msg::LEDStatusArray_<std::allocator<void> >[m[Kâ€™ has no member named â€˜[01m[Kled_states[m[Kâ€™; did you mean â€˜[01m[Kled_status[m[Kâ€™?
   26 |         msg.[01;31m[Kled_states[m[K = led_status;
      |             [01;31m[K^~~~~~~~~~[m[K
      |             [32m[Kled_status[m[K
[01m[K/home/c1ph3r/ros2_ws/src/my_cpp_package/src/LED_panel.cpp:27:9:[m[K [01;31m[Kerror: [m[Kâ€˜[01m[Kled_status_publisher_[m[Kâ€™ was not declared in this scope; did you mean â€˜[01m[Kled_states_timer_[m[Kâ€™?
   27 |         [01;31m[Kled_status_publisher_[m[K->publish(msg);
      |         [01;31m[K^~~~~~~~~~~~~~~~~~~~~[m[K
      |         [32m[Kled_states_timer_[m[K
[01m[K/home/c1ph3r/ros2_ws/src/my_cpp_package/src/LED_panel.cpp:[m[K In member function â€˜[01m[Kvoid LedPanelNode::callbackSetLed(my_robot_interfaces::srv::SetLED_Request_<std::allocator<void> >::SharedPtr, my_robot_interfaces::srv::SetLED_Response_<std::allocator<void> >::SharedPtr)[m[Kâ€™:
[01m[K/home/c1ph3r/ros2_ws/src/my_cpp_package/src/LED_panel.cpp:34:35:[m[K [01;31m[Kerror: [m[Kâ€˜[01m[Kusing element_type = struct my_robot_interfaces::srv::SetLED_Request_<std::allocator<void> >[m[Kâ€™ {aka â€˜[01m[Kstruct my_robot_interfaces::srv::SetLED_Request_<std::allocator<void> >[m[Kâ€™} has no member named â€˜[01m[Kstate[m[Kâ€™; did you mean â€˜[01m[Kstatus[m[Kâ€™?
   34 |         int64_t status = request->[01;31m[Kstate[m[K;
      |                                   [01;31m[K^~~~~[m[K
      |                                   [32m[Kstatus[m[K
[01m[K/home/c1ph3r/ros2_ws/src/my_cpp_package/src/LED_panel.cpp:42:13:[m[K [01;31m[Kerror: [m[Kâ€˜[01m[Kstate[m[Kâ€™ was not declared in this scope; did you mean â€˜[01m[K_xstate[m[Kâ€™?
   42 |         if ([01;31m[Kstate[m[K != 0 && state != 1)
      |             [01;31m[K^~~~~[m[K
      |             [32m[K_xstate[m[K
[01m[K/home/c1ph3r/ros2_ws/src/my_cpp_package/src/LED_panel.cpp:48:41:[m[K [01;31m[Kerror: [m[Kâ€˜[01m[Kstate[m[Kâ€™ was not declared in this scope; did you mean â€˜[01m[K_xstate[m[Kâ€™?
   48 |         led_status.at(led_number - 1) = [01;31m[Kstate[m[K;
      |                                         [01;31m[K^~~~~[m[K
      |                                         [32m[K_xstate[m[K
[01m[K/home/c1ph3r/ros2_ws/src/my_cpp_package/src/LED_panel.cpp:34:17:[m[K [01;35m[Kwarning: [m[Kunused variable â€˜[01m[Kstatus[m[Kâ€™ [[01;35m[K]8;;https://gcc.gnu.org/onlinedocs/gcc/Warning-Options.html#index-Wunused-variable-Wunused-variable]8;;[m[K]
   34 |         int64_t [01;35m[Kstatus[m[K = request->state;
      |                 [01;35m[K^~~~~~[m[K
gmake[2]: *** [CMakeFiles/LED_panel.dir/build.make:76: CMakeFiles/LED_panel.dir/src/LED_panel.cpp.o] Error 1
gmake[1]: *** [CMakeFiles/Makefile2:389: CMakeFiles/LED_panel.dir/all] Error 2
gmake: *** [Makefile:146: all] Error 2
