[0.019s] Invoking command in '/home/c1ph3r/ros2_ws/build/my_cpp_package': CMAKE_PREFIX_PATH=/home/c1ph3r/ros2_ws/install/my_robot_interfaces:/home/c1ph3r/ros2_ws/install/my_cpp_package:/home/c1ph3r/ros2_ws/install/my_python_package:/opt/ros/humble /usr/bin/cmake --build /home/c1ph3r/ros2_ws/build/my_cpp_package -- -j8 -l8
[0.110s] [ 25%] Built target smartphone
[0.110s] [ 25%] Built target cpp_node
[0.110s] [ 30%] Built target robot_news_station
[0.111s] [ 40%] Built target hardware_status_publisher
[0.113s] [ 50%] Built target add_two_ints_client_oops
[0.117s] [ 60%] Built target basic_pub
[0.120s] [ 70%] Built target add_two_ints_server
[0.123s] [ 80%] Built target add_two_ints_client
[0.133s] [ 85%] [32mBuilding CXX object CMakeFiles/LED_panel.dir/src/LED_panel.cpp.o[0m
[0.139s] [ 95%] Built target basic_sub
[2.509s] [01m[K/home/c1ph3r/ros2_ws/src/my_cpp_package/src/LED_panel.cpp:55:49:[m[K [01;31m[Kerror: [m[Kâ€˜[01m[KLedStateArray[m[Kâ€™ is not a member of â€˜[01m[Kmy_robot_interfaces::msg[m[Kâ€™; did you mean â€˜[01m[KLEDStatusArray[m[Kâ€™?
[2.509s]    55 |     rclcpp::Publisher<my_robot_interfaces::msg::[01;31m[KLedStateArray[m[K>::SharedPtr led_status_publisher_;
[2.510s]       |                                                 [01;31m[K^~~~~~~~~~~~~[m[K
[2.510s]       |                                                 [32m[KLEDStatusArray[m[K
[2.510s] [01m[K/home/c1ph3r/ros2_ws/src/my_cpp_package/src/LED_panel.cpp:55:62:[m[K [01;31m[Kerror: [m[Ktemplate argument 1 is invalid
[2.510s]    55 |     rclcpp::Publisher<my_robot_interfaces::msg::LedStateArray[01;31m[K>[m[K::SharedPtr led_status_publisher_;
[2.510s]       |                                                              [01;31m[K^[m[K
[2.510s] [01m[K/home/c1ph3r/ros2_ws/src/my_cpp_package/src/LED_panel.cpp:55:65:[m[K [01;31m[Kerror: [m[Kexpected â€˜[01m[K;[m[Kâ€™ at end of member declaration
[2.510s]    55 |     rclcpp::Publisher<my_robot_interfaces::msg::LedStateArray>::[01;31m[KSharedPtr[m[K led_status_publisher_;
[2.511s]       |                                                                 [01;31m[K^~~~~~~~~[m[K
[2.511s]       |                                                                          [32m[K;[m[K
[2.513s] [01m[K/home/c1ph3r/ros2_ws/src/my_cpp_package/src/LED_panel.cpp:55:75:[m[K [01;31m[Kerror: [m[Kâ€˜[01m[Kled_status_publisher_[m[Kâ€™ does not name a type
[2.513s]    55 |     rclcpp::Publisher<my_robot_interfaces::msg::LedStateArray>::SharedPtr [01;31m[Kled_status_publisher_[m[K;
[2.513s]       |                                                                           [01;31m[K^~~~~~~~~~~~~~~~~~~~~[m[K
[2.539s] [01m[K/home/c1ph3r/ros2_ws/src/my_cpp_package/src/LED_panel.cpp:[m[K In constructor â€˜[01m[KLedPanelNode::LedPanelNode()[m[Kâ€™:
[2.539s] [01m[K/home/c1ph3r/ros2_ws/src/my_cpp_package/src/LED_panel.cpp:11:9:[m[K [01;31m[Kerror: [m[Kâ€˜[01m[Kled_status_publisher_[m[Kâ€™ was not declared in this scope; did you mean â€˜[01m[Kled_states_timer_[m[Kâ€™?
[2.539s]    11 |         [01;31m[Kled_status_publisher_[m[K =
[2.539s]       |         [01;31m[K^~~~~~~~~~~~~~~~~~~~~[m[K
[2.540s]       |         [32m[Kled_states_timer_[m[K
[2.548s] [01m[K/home/c1ph3r/ros2_ws/src/my_cpp_package/src/LED_panel.cpp:13:9:[m[K [01;31m[Kerror: [m[Kâ€˜[01m[Kled_status_timer_[m[Kâ€™ was not declared in this scope; did you mean â€˜[01m[Kled_states_timer_[m[Kâ€™?
[2.548s]    13 |         [01;31m[Kled_status_timer_[m[K =
[2.549s]       |         [01;31m[K^~~~~~~~~~~~~~~~~[m[K
[2.549s]       |         [32m[Kled_states_timer_[m[K
[2.563s] [01m[K/home/c1ph3r/ros2_ws/src/my_cpp_package/src/LED_panel.cpp:[m[K In member function â€˜[01m[Kvoid LedPanelNode::publishLedStates()[m[Kâ€™:
[2.564s] [01m[K/home/c1ph3r/ros2_ws/src/my_cpp_package/src/LED_panel.cpp:26:13:[m[K [01;31m[Kerror: [m[Kâ€˜[01m[Kstruct my_robot_interfaces::msg::LEDStatusArray_<std::allocator<void> >[m[Kâ€™ has no member named â€˜[01m[Kled_states[m[Kâ€™; did you mean â€˜[01m[Kled_status[m[Kâ€™?
[2.564s]    26 |         msg.[01;31m[Kled_states[m[K = led_status;
[2.564s]       |             [01;31m[K^~~~~~~~~~[m[K
[2.564s]       |             [32m[Kled_status[m[K
[2.573s] [01m[K/home/c1ph3r/ros2_ws/src/my_cpp_package/src/LED_panel.cpp:27:9:[m[K [01;31m[Kerror: [m[Kâ€˜[01m[Kled_status_publisher_[m[Kâ€™ was not declared in this scope; did you mean â€˜[01m[Kled_states_timer_[m[Kâ€™?
[2.573s]    27 |         [01;31m[Kled_status_publisher_[m[K->publish(msg);
[2.573s]       |         [01;31m[K^~~~~~~~~~~~~~~~~~~~~[m[K
[2.573s]       |         [32m[Kled_states_timer_[m[K
[2.578s] [01m[K/home/c1ph3r/ros2_ws/src/my_cpp_package/src/LED_panel.cpp:[m[K In member function â€˜[01m[Kvoid LedPanelNode::callbackSetLed(my_robot_interfaces::srv::SetLED_Request_<std::allocator<void> >::SharedPtr, my_robot_interfaces::srv::SetLED_Response_<std::allocator<void> >::SharedPtr)[m[Kâ€™:
[2.578s] [01m[K/home/c1ph3r/ros2_ws/src/my_cpp_package/src/LED_panel.cpp:34:34:[m[K [01;31m[Kerror: [m[Kâ€˜[01m[Kusing element_type = struct my_robot_interfaces::srv::SetLED_Request_<std::allocator<void> >[m[Kâ€™ {aka â€˜[01m[Kstruct my_robot_interfaces::srv::SetLED_Request_<std::allocator<void> >[m[Kâ€™} has no member named â€˜[01m[Kstate[m[Kâ€™; did you mean â€˜[01m[Kstatus[m[Kâ€™?
[2.578s]    34 |         int64_t state = request->[01;31m[Kstate[m[K;
[2.578s]       |                                  [01;31m[K^~~~~[m[K
[2.578s]       |                                  [32m[Kstatus[m[K
[3.454s] gmake[2]: *** [CMakeFiles/LED_panel.dir/build.make:76: CMakeFiles/LED_panel.dir/src/LED_panel.cpp.o] Error 1
[3.454s] gmake[1]: *** [CMakeFiles/Makefile2:389: CMakeFiles/LED_panel.dir/all] Error 2
[3.454s] gmake: *** [Makefile:146: all] Error 2
[3.458s] Invoked command in '/home/c1ph3r/ros2_ws/build/my_cpp_package' returned '2': CMAKE_PREFIX_PATH=/home/c1ph3r/ros2_ws/install/my_robot_interfaces:/home/c1ph3r/ros2_ws/install/my_cpp_package:/home/c1ph3r/ros2_ws/install/my_python_package:/opt/ros/humble /usr/bin/cmake --build /home/c1ph3r/ros2_ws/build/my_cpp_package -- -j8 -l8
