<?xml version="1.0" encoding="UTF-8"?>
<Site BuildName="(empty)"
	BuildStamp="20230902-0424-Experimental"
	Name="c1ph3r"
	Generator="ctest-3.22.1"
	CompilerName="/usr/bin/g++"
	CompilerVersion="11.4.0"
	OSName="Linux"
	Hostname="c1ph3r"
	OSRelease="6.2.0-31-generic"
	OSVersion="#31~22.04.1-Ubuntu SMP PREEMPT_DYNAMIC Wed Aug 16 13:45:26 UTC 2"
	OSPlatform="x86_64"
	Is64Bits="1"
	VendorString="AuthenticAMD"
	VendorID="Advanced Micro Devices"
	FamilyID="23"
	ModelID="24"
	ProcessorCacheSize="512"
	NumberOfLogicalCPU="8"
	NumberOfPhysicalCPU="4"
	TotalVirtualMemory="4632"
	TotalPhysicalMemory="13902"
	LogicalProcessorsPerPhysical="2"
	ProcessorClockFrequency="3559.53"
	>
	<Testing>
		<StartDateTime>Sep 02 21:56 IST</StartDateTime>
		<StartTestTime>1693672017</StartTestTime>
		<TestList/>
		<EndDateTime>Sep 02 21:56 IST</EndDateTime>
		<EndTestTime>1693672017</EndTestTime>
		<ElapsedMinutes>0</ElapsedMinutes>
	</Testing>
</Site>
