[0.023s] Invoking command in '/home/c1ph3r/ros2_ws/build/my_cpp_package': CMAKE_PREFIX_PATH=/home/c1ph3r/ros2_ws/install/my_python_package:/opt/ros/humble /usr/bin/cmake --build /home/c1ph3r/ros2_ws/build/my_cpp_package -- -j8 -l8
[0.095s] [35m[1mConsolidate compiler generated dependencies of target cpp_node[0m
[0.121s] [ 50%] [32mBuilding CXX object CMakeFiles/cpp_node.dir/src/my_first_node.cpp.o[0m
[2.535s] In file included from [01m[K/opt/ros/humble/include/rclcpp/rclcpp/client.hpp:40[m[K,
[2.535s]                  from [01m[K/opt/ros/humble/include/rclcpp/rclcpp/callback_group.hpp:24[m[K,
[2.535s]                  from [01m[K/opt/ros/humble/include/rclcpp/rclcpp/any_executable.hpp:20[m[K,
[2.536s]                  from [01m[K/opt/ros/humble/include/rclcpp/rclcpp/memory_strategy.hpp:25[m[K,
[2.536s]                  from [01m[K/opt/ros/humble/include/rclcpp/rclcpp/memory_strategies.hpp:18[m[K,
[2.536s]                  from [01m[K/opt/ros/humble/include/rclcpp/rclcpp/executor_options.hpp:20[m[K,
[2.536s]                  from [01m[K/opt/ros/humble/include/rclcpp/rclcpp/executor.hpp:37[m[K,
[2.536s]                  from [01m[K/opt/ros/humble/include/rclcpp/rclcpp/executors/multi_threaded_executor.hpp:25[m[K,
[2.536s]                  from [01m[K/opt/ros/humble/include/rclcpp/rclcpp/executors.hpp:21[m[K,
[2.537s]                  from [01m[K/opt/ros/humble/include/rclcpp/rclcpp/rclcpp.hpp:155[m[K,
[2.537s]                  from [01m[K/home/c1ph3r/ros2_ws/src/my_cpp_package/src/my_first_node.cpp:1[m[K:
[2.537s] [01m[K/home/c1ph3r/ros2_ws/src/my_cpp_package/src/my_first_node.cpp:[m[K In function â€˜[01m[Kint main(int, char**)[m[Kâ€™:
[2.537s] [01m[K/home/c1ph3r/ros2_ws/src/my_cpp_package/src/my_first_node.cpp:7:17:[m[K [01;31m[Kerror: [m[Kâ€˜[01m[Kget_logger[m[Kâ€™ was not declared in this scope; did you mean â€˜[01m[Krclcpp::get_logger[m[Kâ€™?
[2.537s]     7 |     RCLCPP_INFO([01;31m[Kget_logger[m[K(), "Hemlo cpp node");
[2.537s]       |                 [01;31m[K^~~~~~~~~~[m[K
[2.538s] In file included from [01m[K/opt/ros/humble/include/rclcpp/rclcpp/logging.hpp:23[m[K,
[2.538s]                  from [01m[K/opt/ros/humble/include/rclcpp/rclcpp/client.hpp:40[m[K,
[2.538s]                  from [01m[K/opt/ros/humble/include/rclcpp/rclcpp/callback_group.hpp:24[m[K,
[2.538s]                  from [01m[K/opt/ros/humble/include/rclcpp/rclcpp/any_executable.hpp:20[m[K,
[2.538s]                  from [01m[K/opt/ros/humble/include/rclcpp/rclcpp/memory_strategy.hpp:25[m[K,
[2.538s]                  from [01m[K/opt/ros/humble/include/rclcpp/rclcpp/memory_strategies.hpp:18[m[K,
[2.539s]                  from [01m[K/opt/ros/humble/include/rclcpp/rclcpp/executor_options.hpp:20[m[K,
[2.539s]                  from [01m[K/opt/ros/humble/include/rclcpp/rclcpp/executor.hpp:37[m[K,
[2.539s]                  from [01m[K/opt/ros/humble/include/rclcpp/rclcpp/executors/multi_threaded_executor.hpp:25[m[K,
[2.539s]                  from [01m[K/opt/ros/humble/include/rclcpp/rclcpp/executors.hpp:21[m[K,
[2.539s]                  from [01m[K/opt/ros/humble/include/rclcpp/rclcpp/rclcpp.hpp:155[m[K,
[2.539s]                  from [01m[K/home/c1ph3r/ros2_ws/src/my_cpp_package/src/my_first_node.cpp:1[m[K:
[2.539s] [01m[K/opt/ros/humble/include/rclcpp/rclcpp/logger.hpp:106:17:[m[K [01;36m[Knote: [m[Kâ€˜[01m[Krclcpp::get_logger[m[Kâ€™ declared here
[2.540s]   106 |   friend Logger [01;36m[Krclcpp[m[K::get_logger(const std::string & name);
[2.540s]       |                 [01;36m[K^~~~~~[m[K
[2.540s] In file included from [01m[K/opt/ros/humble/include/rclcpp/rclcpp/client.hpp:40[m[K,
[2.540s]                  from [01m[K/opt/ros/humble/include/rclcpp/rclcpp/callback_group.hpp:24[m[K,
[2.540s]                  from [01m[K/opt/ros/humble/include/rclcpp/rclcpp/any_executable.hpp:20[m[K,
[2.540s]                  from [01m[K/opt/ros/humble/include/rclcpp/rclcpp/memory_strategy.hpp:25[m[K,
[2.541s]                  from [01m[K/opt/ros/humble/include/rclcpp/rclcpp/memory_strategies.hpp:18[m[K,
[2.541s]                  from [01m[K/opt/ros/humble/include/rclcpp/rclcpp/executor_options.hpp:20[m[K,
[2.541s]                  from [01m[K/opt/ros/humble/include/rclcpp/rclcpp/executor.hpp:37[m[K,
[2.541s]                  from [01m[K/opt/ros/humble/include/rclcpp/rclcpp/executors/multi_threaded_executor.hpp:25[m[K,
[2.541s]                  from [01m[K/opt/ros/humble/include/rclcpp/rclcpp/executors.hpp:21[m[K,
[2.541s]                  from [01m[K/opt/ros/humble/include/rclcpp/rclcpp/rclcpp.hpp:155[m[K,
[2.542s]                  from [01m[K/home/c1ph3r/ros2_ws/src/my_cpp_package/src/my_first_node.cpp:1[m[K:
[2.542s] [01m[K/home/c1ph3r/ros2_ws/src/my_cpp_package/src/my_first_node.cpp:7:5:[m[K [01;31m[Kerror: [m[Ktemplate argument 1 is invalid
[2.542s]     7 |     [01;31m[KRCLCPP_INFO[m[K(get_logger(), "Hemlo cpp node");
[2.542s]       |     [01;31m[K^~~~~~~~~~~[m[K
[2.542s] [01m[K/home/c1ph3r/ros2_ws/src/my_cpp_package/src/my_first_node.cpp:7:5:[m[K [01;31m[Kerror: [m[Kâ€˜[01m[K<declaration error>[m[Kâ€™ is not a template [[01;31m[K]8;;https://gcc.gnu.org/onlinedocs/gcc/Warning-Options.html#index-fpermissive-fpermissive]8;;[m[K]
[2.542s]     7 |     [01;31m[KRCLCPP_INFO[m[K(get_logger(), "Hemlo cpp node");
[2.543s]       |     [01;31m[K^~~~~~~~~~~[m[K
[2.543s] [01m[K/home/c1ph3r/ros2_ws/src/my_cpp_package/src/my_first_node.cpp:7:5:[m[K [01;31m[Kerror: [m[Ktemplate argument 1 is invalid
[2.543s]     7 |     [01;31m[KRCLCPP_INFO[m[K(get_logger(), "Hemlo cpp node");
[2.543s]       |     [01;31m[K^~~~~~~~~~~[m[K
[2.543s] [01m[K/home/c1ph3r/ros2_ws/src/my_cpp_package/src/my_first_node.cpp:7:5:[m[K [01;31m[Kerror: [m[Kâ€˜[01m[K<declaration error>[m[Kâ€™ is not a template [[01;31m[K]8;;https://gcc.gnu.org/onlinedocs/gcc/Warning-Options.html#index-fpermissive-fpermissive]8;;[m[K]
[2.543s]     7 |     [01;31m[KRCLCPP_INFO[m[K(get_logger(), "Hemlo cpp node");
[2.544s]       |     [01;31m[K^~~~~~~~~~~[m[K
[2.544s] [01m[K/home/c1ph3r/ros2_ws/src/my_cpp_package/src/my_first_node.cpp:7:5:[m[K [01;31m[Kerror: [m[Ktemplate argument 1 is invalid
[2.544s]     7 |     [01;31m[KRCLCPP_INFO[m[K(get_logger(), "Hemlo cpp node");
[2.544s]       |     [01;31m[K^~~~~~~~~~~[m[K
[2.544s] [01m[K/home/c1ph3r/ros2_ws/src/my_cpp_package/src/my_first_node.cpp:8:5:[m[K [01;31m[Kerror: [m[Kâ€˜[01m[Krclpcp[m[Kâ€™ has not been declared
[2.544s]     8 |     [01;31m[Krclpcp[m[K::spin(node);
[2.545s]       |     [01;31m[K^~~~~~[m[K
[2.990s] gmake[2]: *** [CMakeFiles/cpp_node.dir/build.make:76: CMakeFiles/cpp_node.dir/src/my_first_node.cpp.o] Error 1
[2.990s] gmake[1]: *** [CMakeFiles/Makefile2:137: CMakeFiles/cpp_node.dir/all] Error 2
[2.991s] gmake: *** [Makefile:146: all] Error 2
[2.994s] Invoked command in '/home/c1ph3r/ros2_ws/build/my_cpp_package' returned '2': CMAKE_PREFIX_PATH=/home/c1ph3r/ros2_ws/install/my_python_package:/opt/ros/humble /usr/bin/cmake --build /home/c1ph3r/ros2_ws/build/my_cpp_package -- -j8 -l8
