[0.022s] Invoking command in '/home/c1ph3r/ros2_ws/build/my_cpp_package': CMAKE_PREFIX_PATH=${CMAKE_PREFIX_PATH}:/home/c1ph3r/ros2_ws/install/my_python_package:/opt/ros/humble /usr/bin/cmake /home/c1ph3r/ros2_ws/src/my_cpp_package -DCMAKE_INSTALL_PREFIX=/home/c1ph3r/ros2_ws/install/my_cpp_package
[0.034s] -- Found ament_cmake: 1.3.4 (/opt/ros/humble/share/ament_cmake/cmake)
[0.224s] -- Override CMake install command with custom implementation using symlinks instead of copying resources
[0.235s] -- Found rclcpp: 16.0.4 (/opt/ros/humble/share/rclcpp/cmake)
[0.264s] -- Found rosidl_generator_c: 3.1.4 (/opt/ros/humble/share/rosidl_generator_c/cmake)
[0.267s] -- Found rosidl_adapter: 3.1.4 (/opt/ros/humble/share/rosidl_adapter/cmake)
[0.273s] -- Found rosidl_generator_cpp: 3.1.4 (/opt/ros/humble/share/rosidl_generator_cpp/cmake)
[0.286s] -- Using all available rosidl_typesupport_c: rosidl_typesupport_fastrtps_c;rosidl_typesupport_introspection_c
[0.304s] -- Using all available rosidl_typesupport_cpp: rosidl_typesupport_fastrtps_cpp;rosidl_typesupport_introspection_cpp
[0.370s] -- Found rmw_implementation_cmake: 6.1.1 (/opt/ros/humble/share/rmw_implementation_cmake/cmake)
[0.371s] -- Found rmw_fastrtps_cpp: 6.2.2 (/opt/ros/humble/share/rmw_fastrtps_cpp/cmake)
[0.491s] -- Using RMW implementation 'rmw_fastrtps_cpp' as default
[0.680s] -- Found rclcpp_components: 16.0.4 (/opt/ros/humble/share/rclcpp_components/cmake)
[0.762s] -- Found example_interfaces: 0.9.3 (/opt/ros/humble/share/example_interfaces/cmake)
[1.054s] -- Configuring done
[1.067s] -- Generating done
[1.069s] -- Build files have been written to: /home/c1ph3r/ros2_ws/build/my_cpp_package
[1.077s] Invoked command in '/home/c1ph3r/ros2_ws/build/my_cpp_package' returned '0': CMAKE_PREFIX_PATH=${CMAKE_PREFIX_PATH}:/home/c1ph3r/ros2_ws/install/my_python_package:/opt/ros/humble /usr/bin/cmake /home/c1ph3r/ros2_ws/src/my_cpp_package -DCMAKE_INSTALL_PREFIX=/home/c1ph3r/ros2_ws/install/my_cpp_package
[1.079s] Invoking command in '/home/c1ph3r/ros2_ws/build/my_cpp_package': CMAKE_PREFIX_PATH=${CMAKE_PREFIX_PATH}:/home/c1ph3r/ros2_ws/install/my_python_package:/opt/ros/humble /usr/bin/cmake --build /home/c1ph3r/ros2_ws/build/my_cpp_package -- -j8 -l8
[1.126s] [35m[1mConsolidate compiler generated dependencies of target cpp_node[0m
[1.127s] [ 25%] [32mBuilding CXX object CMakeFiles/robot_news_station.dir/src/robot_news_station.cpp.o[0m
[1.154s] [ 75%] Built target cpp_node
[3.551s] [01m[K/home/c1ph3r/ros2_ws/src/my_cpp_package/src/robot_news_station.cpp:6:5:[m[K [01;31m[Kerror: [m[KISO C++ forbids declaration of â€˜[01m[KMyCustomNode[m[Kâ€™ with no type [[01;31m[K]8;;https://gcc.gnu.org/onlinedocs/gcc/Warning-Options.html#index-fpermissive-fpermissive]8;;[m[K]
[3.552s]     6 |     [01;31m[KMyCustomNode[m[K() : Node("robot_news_station"), robot_name("c1ph3r") // MODIFY NAME
[3.552s]       |     [01;31m[K^~~~~~~~~~~~[m[K
[3.556s] [01m[K/home/c1ph3r/ros2_ws/src/my_cpp_package/src/robot_news_station.cpp:[m[K In member function â€˜[01m[Kint RobotNewsStation::MyCustomNode()[m[Kâ€™:
[3.556s] [01m[K/home/c1ph3r/ros2_ws/src/my_cpp_package/src/robot_news_station.cpp:6:22:[m[K [01;31m[Kerror: [m[Konly constructors take member initializers
[3.556s]     6 |     MyCustomNode() : [01;31m[KNode[m[K("robot_news_station"), robot_name("c1ph3r") // MODIFY NAME
[3.556s]       |                      [01;31m[K^~~~[m[K
[3.559s] [01m[K/home/c1ph3r/ros2_ws/src/my_cpp_package/src/robot_news_station.cpp:9:55:[m[K [01;31m[Kerror: [m[Kâ€˜[01m[Kmiliseconds[m[Kâ€™ is not a member of â€˜[01m[Kstd::chrono[m[Kâ€™; did you mean â€˜[01m[Kmilliseconds[m[Kâ€™?
[3.559s]     9 |         timer_ = this->create_wall_timer(std::chrono::[01;31m[Kmiliseconds[m[K(500),
[3.559s]       |                                                       [01;31m[K^~~~~~~~~~~[m[K
[3.559s]       |                                                       [32m[Kmilliseconds[m[K
[3.563s] [01m[K/home/c1ph3r/ros2_ws/src/my_cpp_package/src/robot_news_station.cpp:13:5:[m[K [01;35m[Kwarning: [m[Kno return statement in function returning non-void [[01;35m[K]8;;https://gcc.gnu.org/onlinedocs/gcc/Warning-Options.html#index-Wreturn-type-Wreturn-type]8;;[m[K]
[3.563s]    13 |     [01;35m[K}[m[K
[3.564s]       |     [01;35m[K^[m[K
[4.054s] In file included from [01m[K/usr/include/x86_64-linux-gnu/c++/11/bits/c++allocator.h:33[m[K,
[4.054s]                  from [01m[K/usr/include/c++/11/bits/allocator.h:46[m[K,
[4.054s]                  from [01m[K/usr/include/c++/11/memory:64[m[K,
[4.054s]                  from [01m[K/opt/ros/humble/include/rclcpp/rclcpp/rclcpp.hpp:153[m[K,
[4.055s]                  from [01m[K/home/c1ph3r/ros2_ws/src/my_cpp_package/src/robot_news_station.cpp:1[m[K:
[4.055s] /usr/include/c++/11/ext/new_allocator.h: In instantiation of â€˜[01m[Kvoid __gnu_cxx::new_allocator<_Tp>::construct(_Up*, _Args&& ...) [with _Up = RobotNewsStation; _Args = {}; _Tp = RobotNewsStation][m[Kâ€™:
[4.055s] [01m[K/usr/include/c++/11/bits/alloc_traits.h:516:17:[m[K   required from â€˜[01m[Kstatic void std::allocator_traits<std::allocator<_Tp1> >::construct(std::allocator_traits<std::allocator<_Tp1> >::allocator_type&, _Up*, _Args&& ...) [with _Up = RobotNewsStation; _Args = {}; _Tp = RobotNewsStation; std::allocator_traits<std::allocator<_Tp1> >::allocator_type = std::allocator<RobotNewsStation>][m[Kâ€™
[4.055s] [01m[K/usr/include/c++/11/bits/shared_ptr_base.h:519:39:[m[K   required from â€˜[01m[Kstd::_Sp_counted_ptr_inplace<_Tp, _Alloc, _Lp>::_Sp_counted_ptr_inplace(_Alloc, _Args&& ...) [with _Args = {}; _Tp = RobotNewsStation; _Alloc = std::allocator<RobotNewsStation>; __gnu_cxx::_Lock_policy _Lp = __gnu_cxx::_S_atomic][m[Kâ€™
[4.055s] [01m[K/usr/include/c++/11/bits/shared_ptr_base.h:650:16:[m[K   required from â€˜[01m[Kstd::__shared_count<_Lp>::__shared_count(_Tp*&, std::_Sp_alloc_shared_tag<_Alloc>, _Args&& ...) [with _Tp = RobotNewsStation; _Alloc = std::allocator<RobotNewsStation>; _Args = {}; __gnu_cxx::_Lock_policy _Lp = __gnu_cxx::_S_atomic][m[Kâ€™
[4.055s] [01m[K/usr/include/c++/11/bits/shared_ptr_base.h:1342:14:[m[K   required from â€˜[01m[Kstd::__shared_ptr<_Tp, _Lp>::__shared_ptr(std::_Sp_alloc_shared_tag<_Tp>, _Args&& ...) [with _Alloc = std::allocator<RobotNewsStation>; _Args = {}; _Tp = RobotNewsStation; __gnu_cxx::_Lock_policy _Lp = __gnu_cxx::_S_atomic][m[Kâ€™
[4.055s] [01m[K/usr/include/c++/11/bits/shared_ptr.h:409:59:[m[K   required from â€˜[01m[Kstd::shared_ptr<_Tp>::shared_ptr(std::_Sp_alloc_shared_tag<_Tp>, _Args&& ...) [with _Alloc = std::allocator<RobotNewsStation>; _Args = {}; _Tp = RobotNewsStation][m[Kâ€™
[4.055s] [01m[K/usr/include/c++/11/bits/shared_ptr.h:862:14:[m[K   required from â€˜[01m[Kstd::shared_ptr<_Tp> std::allocate_shared(const _Alloc&, _Args&& ...) [with _Tp = RobotNewsStation; _Alloc = std::allocator<RobotNewsStation>; _Args = {}][m[Kâ€™
[4.056s] [01m[K/usr/include/c++/11/bits/shared_ptr.h:878:39:[m[K   required from â€˜[01m[Kstd::shared_ptr<_Tp> std::make_shared(_Args&& ...) [with _Tp = RobotNewsStation; _Args = {}][m[Kâ€™
[4.056s] [01m[K/home/c1ph3r/ros2_ws/src/my_cpp_package/src/robot_news_station.cpp:30:51:[m[K   required from here
[4.056s] [01m[K/usr/include/c++/11/ext/new_allocator.h:162:11:[m[K [01;31m[Kerror: [m[Kuse of deleted function â€˜[01m[KRobotNewsStation::RobotNewsStation()[m[Kâ€™
[4.056s]   162 |         { [01;31m[K::new((void *)__p) _Up(std::forward<_Args>(__args)...)[m[K; }
[4.056s]       |           [01;31m[K^~~~~~~~~~~~~~~~~~~~~~~~~~~~~~~~~~~~~~~~~~~~~~~~~~~~~~[m[K
[4.056s] [01m[K/home/c1ph3r/ros2_ws/src/my_cpp_package/src/robot_news_station.cpp:3:7:[m[K [01;36m[Knote: [m[Kâ€˜[01m[KRobotNewsStation::RobotNewsStation()[m[Kâ€™ is implicitly deleted because the default definition would be ill-formed:
[4.056s]     3 | class [01;36m[KRobotNewsStation[m[K : public rclcpp::Node // MODIFY NAME
[4.056s]       |       [01;36m[K^~~~~~~~~~~~~~~~[m[K
[4.056s] [01m[K/home/c1ph3r/ros2_ws/src/my_cpp_package/src/robot_news_station.cpp:3:7:[m[K [01;31m[Kerror: [m[Kno matching function for call to â€˜[01m[Krclcpp::Node::Node()[m[Kâ€™
[4.057s] In file included from [01m[K/opt/ros/humble/include/rclcpp/rclcpp/executors/single_threaded_executor.hpp:28[m[K,
[4.057s]                  from [01m[K/opt/ros/humble/include/rclcpp/rclcpp/executors.hpp:22[m[K,
[4.057s]                  from [01m[K/opt/ros/humble/include/rclcpp/rclcpp/rclcpp.hpp:155[m[K,
[4.057s]                  from [01m[K/home/c1ph3r/ros2_ws/src/my_cpp_package/src/robot_news_station.cpp:1[m[K:
[4.057s] [01m[K/opt/ros/humble/include/rclcpp/rclcpp/node.hpp:1294:3:[m[K [01;36m[Knote: [m[Kcandidate: â€˜[01m[Krclcpp::Node::Node(const rclcpp::Node&, const string&)[m[Kâ€™
[4.057s]  1294 |   [01;36m[KNode[m[K(
[4.057s]       |   [01;36m[K^~~~[m[K
[4.057s] [01m[K/opt/ros/humble/include/rclcpp/rclcpp/node.hpp:1294:3:[m[K [01;36m[Knote: [m[K  candidate expects 2 arguments, 0 provided
[4.057s] [01m[K/opt/ros/humble/include/rclcpp/rclcpp/node.hpp:101:12:[m[K [01;36m[Knote: [m[Kcandidate: â€˜[01m[Krclcpp::Node::Node(const string&, const string&, const rclcpp::NodeOptions&)[m[Kâ€™
[4.058s]   101 |   explicit [01;36m[KNode[m[K(
[4.058s]       |            [01;36m[K^~~~[m[K
[4.058s] [01m[K/opt/ros/humble/include/rclcpp/rclcpp/node.hpp:101:12:[m[K [01;36m[Knote: [m[K  candidate expects 3 arguments, 0 provided
[4.058s] [01m[K/opt/ros/humble/include/rclcpp/rclcpp/node.hpp:89:12:[m[K [01;36m[Knote: [m[Kcandidate: â€˜[01m[Krclcpp::Node::Node(const string&, const rclcpp::NodeOptions&)[m[Kâ€™
[4.058s]    89 |   explicit [01;36m[KNode[m[K(
[4.058s]       |            [01;36m[K^~~~[m[K
[4.058s] [01m[K/opt/ros/humble/include/rclcpp/rclcpp/node.hpp:89:12:[m[K [01;36m[Knote: [m[K  candidate expects 2 arguments, 0 provided
[4.332s] gmake[2]: *** [CMakeFiles/robot_news_station.dir/build.make:76: CMakeFiles/robot_news_station.dir/src/robot_news_station.cpp.o] Error 1
[4.332s] gmake[1]: *** [CMakeFiles/Makefile2:165: CMakeFiles/robot_news_station.dir/all] Error 2
[4.332s] gmake: *** [Makefile:146: all] Error 2
[4.336s] Invoked command in '/home/c1ph3r/ros2_ws/build/my_cpp_package' returned '2': CMAKE_PREFIX_PATH=${CMAKE_PREFIX_PATH}:/home/c1ph3r/ros2_ws/install/my_python_package:/opt/ros/humble /usr/bin/cmake --build /home/c1ph3r/ros2_ws/build/my_cpp_package -- -j8 -l8
