[01m[K/home/c1ph3r/ros2_ws/src/my_cpp_package/src/battery.cpp:[m[K In member function â€˜[01m[Kvoid BatteryNode::callSetLedService(int, int)[m[Kâ€™:
[01m[K/home/c1ph3r/ros2_ws/src/my_cpp_package/src/battery.cpp:32:18:[m[K [01;31m[Kerror: [m[Kâ€˜[01m[Kusing element_type = struct my_robot_interfaces::srv::SetLED_Request_<std::allocator<void> >[m[Kâ€™ {aka â€˜[01m[Kstruct my_robot_interfaces::srv::SetLED_Request_<std::allocator<void> >[m[Kâ€™} has no member named â€˜[01m[Kstate[m[Kâ€™; did you mean â€˜[01m[Kstatus[m[Kâ€™?
   32 |         request->[01;31m[Kstate[m[K = state;
      |                  [01;31m[K^~~~~[m[K
      |                  [32m[Kstatus[m[K
gmake[2]: *** [CMakeFiles/battery.dir/build.make:76: CMakeFiles/battery.dir/src/battery.cpp.o] Error 1
gmake[1]: *** [CMakeFiles/Makefile2:417: CMakeFiles/battery.dir/all] Error 2
gmake: *** [Makefile:146: all] Error 2
