[0.024s] Invoking command in '/home/c1ph3r/ros2_ws/build/my_cpp_package': CMAKE_PREFIX_PATH=${CMAKE_PREFIX_PATH}:/home/c1ph3r/ros2_ws/install/my_python_package:/opt/ros/humble /usr/bin/cmake --build /home/c1ph3r/ros2_ws/build/my_cpp_package -- -j8 -l8
[0.087s] [35m[1mConsolidate compiler generated dependencies of target add_two_ints_client_oops[0m
[0.097s] [ 16%] Built target cpp_node
[0.101s] [ 50%] Built target robot_news_station
[0.102s] [ 50%] Built target add_two_ints_server
[0.105s] [ 66%] Built target smartphone
[0.106s] [ 83%] Built target add_two_ints_client
[0.107s] [ 91%] [32mBuilding CXX object CMakeFiles/add_two_ints_client_oops.dir/src/add_two_ints_client_oops.cpp.o[0m
[2.585s] [01m[K/home/c1ph3r/ros2_ws/src/my_cpp_package/src/add_two_ints_client_oops.cpp:[m[K In constructor â€˜[01m[KAddTwoIntsClientNode::AddTwoIntsClientNode()[m[Kâ€™:
[2.585s] [01m[K/home/c1ph3r/ros2_ws/src/my_cpp_package/src/add_two_ints_client_oops.cpp:19:9:[m[K [01;31m[Kerror: [m[Kâ€˜[01m[Kthread1_[m[Kâ€™ was not declared in this scope; did you mean â€˜[01m[Kpthread_t[m[Kâ€™?
[2.585s]    19 |         [01;31m[Kthread1_[m[K = std::thread(std::bind(&AddTwoIntsClientNode::callAddTwoIntsService, this, a, b));
[2.585s]       |         [01;31m[K^~~~~~~~[m[K
[2.585s]       |         [32m[Kpthread_t[m[K
[2.646s] [01m[K/home/c1ph3r/ros2_ws/src/my_cpp_package/src/add_two_ints_client_oops.cpp:[m[K In member function â€˜[01m[Kvoid AddTwoIntsClientNode::callAddTwoIntsService(int, int)[m[Kâ€™:
[2.646s] [01m[K/home/c1ph3r/ros2_ws/src/my_cpp_package/src/add_two_ints_client_oops.cpp:48:5:[m[K [01;31m[Kerror: [m[Kexpected primary-expression before â€˜[01m[Kprivate[m[Kâ€™
[2.646s]    48 |     [01;31m[Kprivate[m[K:
[2.646s]       |     [01;31m[K^~~~~~~[m[K
[3.253s] gmake[2]: *** [CMakeFiles/add_two_ints_client_oops.dir/build.make:76: CMakeFiles/add_two_ints_client_oops.dir/src/add_two_ints_client_oops.cpp.o] Error 1
[3.253s] gmake[1]: *** [CMakeFiles/Makefile2:277: CMakeFiles/add_two_ints_client_oops.dir/all] Error 2
[3.254s] gmake: *** [Makefile:146: all] Error 2
[3.256s] Invoked command in '/home/c1ph3r/ros2_ws/build/my_cpp_package' returned '2': CMAKE_PREFIX_PATH=${CMAKE_PREFIX_PATH}:/home/c1ph3r/ros2_ws/install/my_python_package:/opt/ros/humble /usr/bin/cmake --build /home/c1ph3r/ros2_ws/build/my_cpp_package -- -j8 -l8
