[01m[K/home/c1ph3r/ros2_ws/src/my_cpp_package/src/number_publisher.cpp:[m[K In constructor â€˜[01m[KNumberPublisherNode::NumberPublisherNode()[m[Kâ€™:
[01m[K/home/c1ph3r/ros2_ws/src/my_cpp_package/src/number_publisher.cpp:16:74:[m[K [01;31m[Kerror: [m[Kexpected primary-expression before â€˜[01m[K([m[Kâ€™ token
   16 |         number_timer_ = this->create_wall_timer(std::chrono::milliseconds[01;31m[K([m[Kint) (1000.0 / publish_frequency),
      |                                                                          [01;31m[K^[m[K
[01m[K/home/c1ph3r/ros2_ws/src/my_cpp_package/src/number_publisher.cpp:16:75:[m[K [01;31m[Kerror: [m[Kexpected primary-expression before â€˜[01m[Kint[m[Kâ€™
   16 |         number_timer_ = this->create_wall_timer(std::chrono::milliseconds([01;31m[Kint[m[K) (1000.0 / publish_frequency),
      |                                                                           [01;31m[K^~~[m[K
gmake[2]: *** [CMakeFiles/number_publisher.dir/build.make:76: CMakeFiles/number_publisher.dir/src/number_publisher.cpp.o] Error 1
gmake[1]: *** [CMakeFiles/Makefile2:447: CMakeFiles/number_publisher.dir/all] Error 2
gmake: *** [Makefile:146: all] Error 2
